0 verbose cli C:\Program Files\nodejs\node.exe C:\Program Files\nodejs\node_modules\npm\bin\npm-cli.js
1 info using npm@11.9.0
2 info using node@v24.14.0
3 silly config load:file:C:\Program Files\nodejs\node_modules\npm\npmrc
4 silly config load:file:C:\Users\KAVUMMA DENNIS\Desktop\TICS\frontend\.npmrc
5 silly config load:file:C:\Users\KAVUMMA DENNIS\.npmrc
6 silly config load:file:C:\Users\KAVUMMA DENNIS\AppData\Roaming\npm\etc\npmrc
7 verbose title npm ping
8 verbose argv "ping"
9 verbose logfile logs-max:10 dir:C:\Users\KAVUMMA DENNIS\Desktop\TICS\.npm-cache\_logs\2026-04-22T20_37_03_334Z-
10 verbose logfile C:\Users\KAVUMMA DENNIS\Desktop\TICS\.npm-cache\_logs\2026-04-22T20_37_03_334Z-debug-0.log
11 silly logfile done cleaning log files
12 notice PING https://registry.npmjs.org/
13 http fetch GET 200 https://registry.npmjs.org/-/ping 1687ms
14 notice PONG 1690ms
15 verbose cwd C:\Users\KAVUMMA DENNIS\Desktop\TICS\frontend
16 verbose os Windows_NT 10.0.26200
17 verbose node v24.14.0
18 verbose npm  v11.9.0
19 verbose exit 0
20 info ok
