0 verbose cli C:\Program Files\nodejs\node.exe C:\Program Files\nodejs\node_modules\npm\bin\npm-cli.js
1 info using npm@11.9.0
2 info using node@v24.14.0
3 silly config load:file:C:\Program Files\nodejs\node_modules\npm\npmrc
4 silly config load:file:C:\Users\KAVUMMA DENNIS\Desktop\TICS\frontend\.npmrc
5 silly config load:file:C:\Users\KAVUMMA DENNIS\.npmrc
6 silly config load:file:C:\Users\KAVUMMA DENNIS\AppData\Roaming\npm\etc\npmrc
7 verbose title npm view expo-secure-store version
8 verbose argv "view" "expo-secure-store" "version"
9 verbose logfile logs-max:10 dir:C:\Users\KAVUMMA DENNIS\Desktop\TICS\.npm-cache\_logs\2026-04-27T21_42_26_309Z-
10 verbose logfile C:\Users\KAVUMMA DENNIS\Desktop\TICS\.npm-cache\_logs\2026-04-27T21_42_26_309Z-debug-0.log
11 silly logfile done cleaning log files
12 http fetch GET https://registry.npmjs.org/expo-secure-store attempt 1 failed with EACCES
13 http fetch GET https://registry.npmjs.org/expo-secure-store attempt 2 failed with EACCES
14 http fetch GET https://registry.npmjs.org/expo-secure-store attempt 3 failed with EACCES
15 http fetch GET 200 https://registry.npmjs.org/expo-secure-store 70236ms (cache stale)
16 verbose cwd C:\Users\KAVUMMA DENNIS\Desktop\TICS\frontend
17 verbose os Windows_NT 10.0.26200
18 verbose node v24.14.0
19 verbose npm  v11.9.0
20 verbose exit 0
21 info ok
