0 verbose cli C:\Program Files\nodejs\node.exe C:\Program Files\nodejs\node_modules\npm\bin\npm-cli.js
1 info using npm@11.9.0
2 info using node@v24.14.0
3 silly config load:file:C:\Program Files\nodejs\node_modules\npm\npmrc
4 silly config load:file:C:\Users\KAVUMMA DENNIS\Desktop\TICS\frontend\.npmrc
5 silly config load:file:C:\Users\KAVUMMA DENNIS\.npmrc
6 silly config load:file:C:\Users\KAVUMMA DENNIS\AppData\Roaming\npm\etc\npmrc
7 verbose title npm install
8 verbose argv "install"
9 verbose logfile logs-max:10 dir:C:\Users\KAVUMMA DENNIS\Desktop\TICS\.npm-cache\_logs\2026-04-27T21_40_12_722Z-
10 verbose logfile C:\Users\KAVUMMA DENNIS\Desktop\TICS\.npm-cache\_logs\2026-04-27T21_40_12_722Z-debug-0.log
11 silly logfile done cleaning log files
12 silly packumentCache heap:2348810240 maxSize:587202560 maxEntrySize:293601280
13 silly idealTree buildDeps
14 silly fetch manifest expo-linear-gradient@~15.0.7
15 silly packumentCache full:https://registry.npmjs.org/expo-linear-gradient cache-miss
16 http fetch GET 200 https://registry.npmjs.org/expo-linear-gradient 3221ms (cache miss)
17 silly packumentCache full:https://registry.npmjs.org/expo-linear-gradient set size:undefined disposed:false
18 silly fetch manifest expo@~54.0.33
19 silly packumentCache full:https://registry.npmjs.org/expo cache-miss
20 http fetch GET 200 https://registry.npmjs.org/expo 542ms (cache updated)
21 silly packumentCache full:https://registry.npmjs.org/expo set size:undefined disposed:false
22 silly fetch manifest @expo/dom-webview@*
23 silly packumentCache full:https://registry.npmjs.org/@expo%2fdom-webview cache-miss
24 http fetch GET 200 https://registry.npmjs.org/@expo%2fdom-webview 2080ms (cache updated)
25 silly packumentCache full:https://registry.npmjs.org/@expo%2fdom-webview set size:undefined disposed:false
26 silly fetch manifest react@19.1.0
27 silly packumentCache full:https://registry.npmjs.org/react cache-miss
28 http fetch GET 200 https://registry.npmjs.org/react 2986ms (cache updated)
29 silly packumentCache full:https://registry.npmjs.org/react set size:undefined disposed:false
30 silly fetch manifest react-native@0.81.5
31 silly packumentCache full:https://registry.npmjs.org/react-native cache-miss
32 http fetch GET 200 https://registry.npmjs.org/react-native 2477ms (cache updated)
33 silly packumentCache full:https://registry.npmjs.org/react-native set size:undefined disposed:false
34 silly fetch manifest @types/react@~19.1.0
35 silly packumentCache full:https://registry.npmjs.org/@types%2freact cache-miss
36 http fetch GET 200 https://registry.npmjs.org/@types%2freact 697ms (cache revalidated)
37 silly packumentCache full:https://registry.npmjs.org/@types%2freact set size:2588964 disposed:false
38 silly fetch manifest @expo/metro-runtime@*
39 silly packumentCache full:https://registry.npmjs.org/@expo%2fmetro-runtime cache-miss
40 http fetch GET 200 https://registry.npmjs.org/@expo%2fmetro-runtime 346ms (cache updated)
41 silly packumentCache full:https://registry.npmjs.org/@expo%2fmetro-runtime set size:undefined disposed:false
42 silly fetch manifest react-dom@19.1.0
43 silly packumentCache full:https://registry.npmjs.org/react-dom cache-miss
44 http fetch GET 200 https://registry.npmjs.org/react-dom 1317ms (cache updated)
45 silly packumentCache full:https://registry.npmjs.org/react-dom set size:undefined disposed:false
46 silly fetch manifest react-native-webview@*
47 silly packumentCache full:https://registry.npmjs.org/react-native-webview cache-miss
48 http fetch GET 200 https://registry.npmjs.org/react-native-webview 162ms (cache revalidated)
49 silly packumentCache full:https://registry.npmjs.org/react-native-webview set size:1355349 disposed:false
50 silly fetch manifest expo-secure-store@~14.0.3
51 silly packumentCache full:https://registry.npmjs.org/expo-secure-store cache-miss
52 http fetch GET 200 https://registry.npmjs.org/expo-secure-store 182ms (cache miss)
53 silly packumentCache full:https://registry.npmjs.org/expo-secure-store set size:undefined disposed:false
54 silly fetch manifest nativewind@^4.1.23
55 silly packumentCache full:https://registry.npmjs.org/nativewind cache-miss
56 http fetch GET 200 https://registry.npmjs.org/nativewind 1394ms (cache miss)
57 silly packumentCache full:https://registry.npmjs.org/nativewind set size:undefined disposed:false
58 silly fetch manifest tailwindcss@^3.4.17
59 silly packumentCache full:https://registry.npmjs.org/tailwindcss cache-miss
60 http fetch GET 200 https://registry.npmjs.org/tailwindcss 1890ms (cache miss)
61 silly packumentCache full:https://registry.npmjs.org/tailwindcss set size:undefined disposed:false
62 silly placeDep ROOT expo-linear-gradient@15.0.8 OK for: frontend@1.0.0 want: ~15.0.7
63 silly placeDep ROOT expo-secure-store@ OK for: frontend@1.0.0 want: ~14.0.3
64 silly placeDep ROOT nativewind@4.2.3 OK for: frontend@1.0.0 want: ^4.1.23
65 silly placeDep ROOT tailwindcss@3.4.19 OK for: nativewind@4.2.3 want: >3.3.0
66 silly fetch manifest comment-json@^4.2.5
67 silly packumentCache full:https://registry.npmjs.org/comment-json cache-miss
68 silly fetch manifest react-native-css-interop@0.2.3
69 silly packumentCache full:https://registry.npmjs.org/react-native-css-interop cache-miss
70 silly fetch manifest dlv@^1.1.3
71 silly packumentCache full:https://registry.npmjs.org/dlv cache-miss
72 silly fetch manifest jiti@^1.21.7
73 silly packumentCache full:https://registry.npmjs.org/jiti cache-miss
74 silly fetch manifest resolve@^1.22.8
75 silly packumentCache full:https://registry.npmjs.org/resolve cache-miss
76 silly fetch manifest chokidar@^3.6.0
77 silly packumentCache full:https://registry.npmjs.org/chokidar cache-miss
78 silly fetch manifest fast-glob@^3.3.2
79 silly packumentCache full:https://registry.npmjs.org/fast-glob cache-miss
80 http fetch GET 200 https://registry.npmjs.org/resolve 842ms (cache revalidated)
81 silly packumentCache full:https://registry.npmjs.org/resolve set size:252941 disposed:false
82 silly fetch manifest lilconfig@^3.1.3
83 silly packumentCache full:https://registry.npmjs.org/lilconfig cache-miss
84 http fetch GET 200 https://registry.npmjs.org/dlv 901ms (cache miss)
85 silly packumentCache full:https://registry.npmjs.org/dlv set size:undefined disposed:false
86 silly fetch manifest didyoumean@^1.2.2
87 silly packumentCache full:https://registry.npmjs.org/didyoumean cache-miss
88 http fetch GET 200 https://registry.npmjs.org/jiti 1369ms (cache revalidated)
89 silly packumentCache full:https://registry.npmjs.org/jiti set size:382310 disposed:false
90 silly fetch manifest postcss-js@^4.0.1
91 silly packumentCache full:https://registry.npmjs.org/postcss-js cache-miss
92 http fetch GET 200 https://registry.npmjs.org/fast-glob 1374ms (cache miss)
93 silly packumentCache full:https://registry.npmjs.org/fast-glob set size:undefined disposed:false
94 silly fetch manifest object-hash@^3.0.0
95 silly packumentCache full:https://registry.npmjs.org/object-hash cache-miss
96 http fetch GET 200 https://registry.npmjs.org/chokidar 1459ms (cache miss)
97 silly packumentCache full:https://registry.npmjs.org/chokidar set size:undefined disposed:false
98 silly fetch manifest postcss-import@^15.1.0
99 silly packumentCache full:https://registry.npmjs.org/postcss-import cache-miss
100 http fetch GET 200 https://registry.npmjs.org/lilconfig 679ms (cache miss)
101 silly packumentCache full:https://registry.npmjs.org/lilconfig set size:undefined disposed:false
102 silly fetch manifest postcss-nested@^6.2.0
103 silly packumentCache full:https://registry.npmjs.org/postcss-nested cache-miss
104 http fetch GET 200 https://registry.npmjs.org/didyoumean 727ms (cache miss)
105 silly packumentCache full:https://registry.npmjs.org/didyoumean set size:undefined disposed:false
106 silly fetch manifest @alloc/quick-lru@^5.2.0
107 silly packumentCache full:https://registry.npmjs.org/@alloc%2fquick-lru cache-miss
108 http fetch GET 200 https://registry.npmjs.org/comment-json 2292ms (cache miss)
109 silly packumentCache full:https://registry.npmjs.org/comment-json set size:undefined disposed:false
110 silly fetch manifest postcss-load-config@^4.0.2 || ^5.0 || ^6.0
111 silly packumentCache full:https://registry.npmjs.org/postcss-load-config cache-miss
112 http fetch GET 200 https://registry.npmjs.org/postcss-js 1351ms (cache miss)
113 silly packumentCache full:https://registry.npmjs.org/postcss-js set size:undefined disposed:false
114 silly fetch manifest postcss-selector-parser@^6.1.2
115 silly packumentCache full:https://registry.npmjs.org/postcss-selector-parser cache-miss
116 http fetch GET 200 https://registry.npmjs.org/react-native-css-interop 2913ms (cache miss)
117 silly packumentCache full:https://registry.npmjs.org/react-native-css-interop set size:undefined disposed:false
118 http fetch GET 200 https://registry.npmjs.org/@alloc%2fquick-lru 1263ms (cache miss)
119 silly packumentCache full:https://registry.npmjs.org/@alloc%2fquick-lru set size:undefined disposed:false
120 http fetch GET 200 https://registry.npmjs.org/postcss-nested 1367ms (cache miss)
121 silly packumentCache full:https://registry.npmjs.org/postcss-nested set size:undefined disposed:false
122 http fetch GET 200 https://registry.npmjs.org/postcss-import 1455ms (cache miss)
123 silly packumentCache full:https://registry.npmjs.org/postcss-import set size:undefined disposed:false
124 http fetch GET 200 https://registry.npmjs.org/object-hash 1568ms (cache miss)
125 silly packumentCache full:https://registry.npmjs.org/object-hash set size:undefined disposed:false
126 http fetch GET 200 https://registry.npmjs.org/postcss-load-config 473ms (cache miss)
127 silly packumentCache full:https://registry.npmjs.org/postcss-load-config set size:undefined disposed:false
128 http fetch GET 200 https://registry.npmjs.org/postcss-selector-parser 222ms (cache miss)
129 silly packumentCache full:https://registry.npmjs.org/postcss-selector-parser set size:undefined disposed:false
130 silly fetch manifest react@>=18
131 silly packumentCache full:https://registry.npmjs.org/react cache-miss
132 http cache https://registry.npmjs.org/react 75ms (cache hit)
133 silly packumentCache full:https://registry.npmjs.org/react set size:6625721 disposed:false
134 silly fetch manifest react-native@*
135 silly packumentCache full:https://registry.npmjs.org/react-native cache-miss
136 http cache https://registry.npmjs.org/react-native 143ms (cache hit)
137 silly packumentCache full:https://registry.npmjs.org/react-native set size:15192164 disposed:false
138 silly fetch manifest @react-native/jest-preset@0.85.2
139 silly packumentCache full:https://registry.npmjs.org/@react-native%2fjest-preset cache-miss
140 http fetch GET 200 https://registry.npmjs.org/@react-native%2fjest-preset 451ms (cache updated)
141 silly packumentCache full:https://registry.npmjs.org/@react-native%2fjest-preset set size:undefined disposed:false
142 silly fetch manifest @types/react@^19.1.1
143 silly packumentCache full:https://registry.npmjs.org/@types%2freact cache-miss
144 http cache https://registry.npmjs.org/@types%2freact 35ms (cache hit)
145 silly packumentCache full:https://registry.npmjs.org/@types%2freact set size:2588964 disposed:false
146 silly fetch manifest react-native-reanimated@>=3.6.2
147 silly packumentCache full:https://registry.npmjs.org/react-native-reanimated cache-miss
148 http fetch GET 200 https://registry.npmjs.org/react-native-reanimated 173ms (cache revalidated)
149 silly packumentCache full:https://registry.npmjs.org/react-native-reanimated set size:10666794 disposed:false
150 silly fetch manifest react-native-worklets@0.8.x
151 silly packumentCache full:https://registry.npmjs.org/react-native-worklets cache-miss
152 http fetch GET 200 https://registry.npmjs.org/react-native-worklets 134ms (cache revalidated)
153 silly packumentCache full:https://registry.npmjs.org/react-native-worklets set size:2503720 disposed:false
154 silly fetch manifest @babel/core@*
155 silly packumentCache full:https://registry.npmjs.org/@babel%2fcore cache-miss
156 http fetch GET 200 https://registry.npmjs.org/@babel%2fcore 122ms (cache revalidated)
157 silly packumentCache full:https://registry.npmjs.org/@babel%2fcore set size:760113 disposed:false
158 silly fetch manifest @react-native/metro-config@*
159 silly packumentCache full:https://registry.npmjs.org/@react-native%2fmetro-config cache-miss
160 http fetch GET 200 https://registry.npmjs.org/@react-native%2fmetro-config 858ms (cache updated)
161 silly packumentCache full:https://registry.npmjs.org/@react-native%2fmetro-config set size:undefined disposed:false
162 silly fetch manifest tailwindcss@>3.3.0
163 silly packumentCache full:https://registry.npmjs.org/tailwindcss cache-miss
164 http cache https://registry.npmjs.org/tailwindcss 239ms (cache hit)
165 silly packumentCache full:https://registry.npmjs.org/tailwindcss set size:10392953 disposed:false
166 silly fetch manifest tailwindcss@~3
167 silly packumentCache full:https://registry.npmjs.org/tailwindcss cache-miss
168 http cache https://registry.npmjs.org/tailwindcss 723ms (cache hit)
169 silly packumentCache full:https://registry.npmjs.org/tailwindcss set size:10392953 disposed:false
170 silly placeDep ROOT comment-json@4.6.2 OK for: nativewind@4.2.3 want: ^4.2.5
171 silly placeDep ROOT react-native-css-interop@0.2.3 OK for: nativewind@4.2.3 want: 0.2.3
172 silly fetch manifest array-timsort@^1.0.3
173 silly packumentCache full:https://registry.npmjs.org/array-timsort cache-miss
174 silly fetch manifest lightningcss@~1.27.0
175 silly packumentCache full:https://registry.npmjs.org/lightningcss cache-miss
176 silly fetch manifest semver@^7.6.3
177 silly packumentCache full:https://registry.npmjs.org/semver cache-miss
178 http fetch GET 200 https://registry.npmjs.org/array-timsort 299ms (cache miss)
179 silly packumentCache full:https://registry.npmjs.org/array-timsort set size:undefined disposed:false
180 http fetch GET 200 https://registry.npmjs.org/semver 322ms (cache revalidated)
181 silly packumentCache full:https://registry.npmjs.org/semver set size:229571 disposed:false
182 http fetch GET 200 https://registry.npmjs.org/lightningcss 364ms (cache revalidated)
183 silly packumentCache full:https://registry.npmjs.org/lightningcss set size:186753 disposed:false
184 silly placeDep ROOT array-timsort@1.0.3 OK for: comment-json@4.6.2 want: ^1.0.3
185 silly placeDep node_modules/react-native-css-interop lightningcss@1.27.0 OK for: react-native-css-interop@0.2.3 want: ~1.27.0
186 silly placeDep node_modules/react-native-css-interop semver@7.7.4 OK for: react-native-css-interop@0.2.3 want: ^7.6.3
187 silly fetch manifest detect-libc@^1.0.3
188 silly packumentCache full:https://registry.npmjs.org/detect-libc cache-miss
189 silly fetch manifest lightningcss-darwin-x64@1.27.0
190 silly packumentCache full:https://registry.npmjs.org/lightningcss-darwin-x64 cache-miss
191 silly fetch manifest lightningcss-freebsd-x64@1.27.0
192 silly packumentCache full:https://registry.npmjs.org/lightningcss-freebsd-x64 cache-miss
193 silly fetch manifest lightningcss-darwin-arm64@1.27.0
194 silly packumentCache full:https://registry.npmjs.org/lightningcss-darwin-arm64 cache-miss
195 silly fetch manifest lightningcss-linux-x64-gnu@1.27.0
196 silly packumentCache full:https://registry.npmjs.org/lightningcss-linux-x64-gnu cache-miss
197 silly fetch manifest lightningcss-linux-x64-musl@1.27.0
198 silly packumentCache full:https://registry.npmjs.org/lightningcss-linux-x64-musl cache-miss
199 silly fetch manifest lightningcss-win32-x64-msvc@1.27.0
200 silly packumentCache full:https://registry.npmjs.org/lightningcss-win32-x64-msvc cache-miss
201 http fetch GET 200 https://registry.npmjs.org/lightningcss-linux-x64-musl 634ms (cache revalidated)
202 silly packumentCache full:https://registry.npmjs.org/lightningcss-linux-x64-musl set size:80313 disposed:false
203 silly fetch manifest lightningcss-linux-arm64-gnu@1.27.0
204 silly packumentCache full:https://registry.npmjs.org/lightningcss-linux-arm64-gnu cache-miss
205 http fetch GET 200 https://registry.npmjs.org/lightningcss-darwin-x64 779ms (cache revalidated)
206 silly packumentCache full:https://registry.npmjs.org/lightningcss-darwin-x64 set size:78694 disposed:false
207 silly fetch manifest lightningcss-linux-arm64-musl@1.27.0
208 silly packumentCache full:https://registry.npmjs.org/lightningcss-linux-arm64-musl cache-miss
209 http fetch GET 200 https://registry.npmjs.org/lightningcss-win32-x64-msvc 793ms (cache revalidated)
210 silly packumentCache full:https://registry.npmjs.org/lightningcss-win32-x64-msvc set size:79645 disposed:false
211 silly fetch manifest lightningcss-win32-arm64-msvc@1.27.0
212 silly packumentCache full:https://registry.npmjs.org/lightningcss-win32-arm64-msvc cache-miss
213 http fetch GET 200 https://registry.npmjs.org/detect-libc 981ms (cache revalidated)
214 silly packumentCache full:https://registry.npmjs.org/detect-libc set size:47861 disposed:false
215 silly fetch manifest lightningcss-linux-arm-gnueabihf@1.27.0
216 silly packumentCache full:https://registry.npmjs.org/lightningcss-linux-arm-gnueabihf cache-miss
217 http fetch GET 200 https://registry.npmjs.org/lightningcss-linux-x64-gnu 851ms (cache revalidated)
218 silly packumentCache full:https://registry.npmjs.org/lightningcss-linux-x64-gnu set size:80105 disposed:false
219 http fetch GET 200 https://registry.npmjs.org/lightningcss-darwin-arm64 868ms (cache revalidated)
220 silly packumentCache full:https://registry.npmjs.org/lightningcss-darwin-arm64 set size:79276 disposed:false
221 http fetch GET 200 https://registry.npmjs.org/lightningcss-freebsd-x64 963ms (cache revalidated)
222 silly packumentCache full:https://registry.npmjs.org/lightningcss-freebsd-x64 set size:42877 disposed:false
223 http fetch GET 200 https://registry.npmjs.org/lightningcss-linux-arm64-musl 341ms (cache revalidated)
224 silly packumentCache full:https://registry.npmjs.org/lightningcss-linux-arm64-musl set size:80887 disposed:false
225 http fetch GET 200 https://registry.npmjs.org/lightningcss-win32-arm64-msvc 299ms (cache revalidated)
226 silly packumentCache full:https://registry.npmjs.org/lightningcss-win32-arm64-msvc set size:26629 disposed:false
227 http fetch GET 200 https://registry.npmjs.org/lightningcss-linux-arm-gnueabihf 282ms (cache revalidated)
228 silly packumentCache full:https://registry.npmjs.org/lightningcss-linux-arm-gnueabihf set size:80903 disposed:false
229 http fetch GET 200 https://registry.npmjs.org/lightningcss-linux-arm64-gnu 945ms (cache revalidated)
230 silly packumentCache full:https://registry.npmjs.org/lightningcss-linux-arm64-gnu set size:80669 disposed:false
231 silly fetch manifest postcss@^8.4.47
232 silly packumentCache full:https://registry.npmjs.org/postcss cache-miss
233 http fetch GET 200 https://registry.npmjs.org/postcss 356ms (cache updated)
234 silly packumentCache full:https://registry.npmjs.org/postcss set size:undefined disposed:false
235 silly fetch manifest tsx@^4.8.1
236 silly packumentCache full:https://registry.npmjs.org/tsx cache-miss
237 http fetch GET 200 https://registry.npmjs.org/tsx 217ms (cache miss)
238 silly packumentCache full:https://registry.npmjs.org/tsx set size:undefined disposed:false
239 silly fetch manifest yaml@^2.4.2
240 silly packumentCache full:https://registry.npmjs.org/yaml cache-miss
241 http fetch GET 200 https://registry.npmjs.org/yaml 134ms (cache revalidated)
242 silly packumentCache full:https://registry.npmjs.org/yaml set size:375230 disposed:false
243 silly placeDep ROOT @alloc/quick-lru@5.2.0 OK for: tailwindcss@3.4.19 want: ^5.2.0
244 silly placeDep ROOT chokidar@3.6.0 OK for: tailwindcss@3.4.19 want: ^3.6.0
245 silly placeDep ROOT didyoumean@1.2.2 OK for: tailwindcss@3.4.19 want: ^1.2.2
246 silly placeDep ROOT dlv@1.1.3 OK for: tailwindcss@3.4.19 want: ^1.1.3
247 silly placeDep ROOT fast-glob@3.3.3 OK for: tailwindcss@3.4.19 want: ^3.3.2
248 silly placeDep ROOT jiti@1.21.7 OK for: tailwindcss@3.4.19 want: ^1.21.7
249 silly placeDep ROOT lilconfig@3.1.3 OK for: tailwindcss@3.4.19 want: ^3.1.3
250 silly placeDep ROOT object-hash@3.0.0 OK for: tailwindcss@3.4.19 want: ^3.0.0
251 silly placeDep ROOT postcss-import@15.1.0 OK for: tailwindcss@3.4.19 want: ^15.1.0
252 silly placeDep ROOT postcss-js@4.1.0 OK for: tailwindcss@3.4.19 want: ^4.0.1
253 silly placeDep ROOT postcss-load-config@6.0.1 OK for: tailwindcss@3.4.19 want: ^4.0.2 || ^5.0 || ^6.0
254 silly placeDep ROOT postcss-nested@6.2.0 OK for: tailwindcss@3.4.19 want: ^6.2.0
255 silly placeDep ROOT postcss-selector-parser@6.1.2 OK for: tailwindcss@3.4.19 want: ^6.1.2
256 silly placeDep node_modules/tailwindcss resolve@1.22.12 OK for: tailwindcss@3.4.19 want: ^1.22.8
257 silly fetch manifest readdirp@~3.6.0
258 silly packumentCache full:https://registry.npmjs.org/readdirp cache-miss
259 silly fetch manifest glob-parent@~5.1.2
260 silly packumentCache full:https://registry.npmjs.org/glob-parent cache-miss
261 silly fetch manifest is-binary-path@~2.1.0
262 silly packumentCache full:https://registry.npmjs.org/is-binary-path cache-miss
263 silly fetch manifest @nodelib/fs.stat@^2.0.2
264 silly packumentCache full:https://registry.npmjs.org/@nodelib%2ffs.stat cache-miss
265 silly fetch manifest @nodelib/fs.walk@^1.2.3
266 silly packumentCache full:https://registry.npmjs.org/@nodelib%2ffs.walk cache-miss
267 silly fetch manifest glob-parent@^5.1.2
268 silly packumentCache full:https://registry.npmjs.org/glob-parent cache-miss
269 silly fetch manifest merge2@^1.3.0
270 silly packumentCache full:https://registry.npmjs.org/merge2 cache-miss
271 http fetch GET 200 https://registry.npmjs.org/glob-parent 824ms (cache revalidated)
272 silly packumentCache full:https://registry.npmjs.org/glob-parent set size:42445 disposed:false
273 silly fetch manifest resolve@^1.1.7
274 silly packumentCache full:https://registry.npmjs.org/resolve cache-hit
275 silly fetch manifest read-cache@^1.0.0
276 silly packumentCache full:https://registry.npmjs.org/read-cache cache-miss
277 http fetch GET 200 https://registry.npmjs.org/glob-parent 859ms (cache revalidated)
278 silly packumentCache full:https://registry.npmjs.org/glob-parent set size:42445 disposed:false
279 silly packumentCache full:https://registry.npmjs.org/glob-parent dispose
280 silly fetch manifest camelcase-css@^2.0.1
281 silly packumentCache full:https://registry.npmjs.org/camelcase-css cache-miss
282 http fetch GET 200 https://registry.npmjs.org/is-binary-path 883ms (cache miss)
283 silly packumentCache full:https://registry.npmjs.org/is-binary-path set size:undefined disposed:false
284 silly fetch manifest postcss-selector-parser@^6.1.1
285 silly packumentCache full:https://registry.npmjs.org/postcss-selector-parser cache-miss
286 http fetch GET 200 https://registry.npmjs.org/@nodelib%2ffs.stat 901ms (cache miss)
287 silly packumentCache full:https://registry.npmjs.org/@nodelib%2ffs.stat set size:undefined disposed:false
288 silly fetch manifest cssesc@^3.0.0
289 silly packumentCache full:https://registry.npmjs.org/cssesc cache-miss
290 http fetch GET 200 https://registry.npmjs.org/readdirp 928ms (cache miss)
291 silly packumentCache full:https://registry.npmjs.org/readdirp set size:undefined disposed:false
292 silly fetch manifest util-deprecate@^1.0.2
293 silly packumentCache full:https://registry.npmjs.org/util-deprecate cache-miss
294 http fetch GET 200 https://registry.npmjs.org/merge2 917ms (cache miss)
295 silly packumentCache full:https://registry.npmjs.org/merge2 set size:undefined disposed:false
296 http fetch GET 200 https://registry.npmjs.org/@nodelib%2ffs.walk 939ms (cache miss)
297 silly packumentCache full:https://registry.npmjs.org/@nodelib%2ffs.walk set size:undefined disposed:false
298 http cache https://registry.npmjs.org/postcss-selector-parser 81ms (cache hit)
299 silly packumentCache full:https://registry.npmjs.org/postcss-selector-parser set size:177140 disposed:false
300 http fetch GET 200 https://registry.npmjs.org/read-cache 132ms (cache miss)
301 silly packumentCache full:https://registry.npmjs.org/read-cache set size:undefined disposed:false
302 http fetch GET 200 https://registry.npmjs.org/cssesc 112ms (cache miss)
303 silly packumentCache full:https://registry.npmjs.org/cssesc set size:undefined disposed:false
304 http fetch GET 200 https://registry.npmjs.org/util-deprecate 106ms (cache miss)
305 silly packumentCache full:https://registry.npmjs.org/util-deprecate set size:undefined disposed:false
306 http fetch GET 200 https://registry.npmjs.org/camelcase-css 1064ms (cache miss)
307 silly packumentCache full:https://registry.npmjs.org/camelcase-css set size:undefined disposed:false
308 silly placeDep node_modules/chokidar glob-parent@5.1.2 OK for: chokidar@3.6.0 want: ~5.1.2
309 silly placeDep ROOT is-binary-path@2.1.0 OK for: chokidar@3.6.0 want: ~2.1.0
310 silly placeDep ROOT readdirp@3.6.0 OK for: chokidar@3.6.0 want: ~3.6.0
311 silly fetch manifest binary-extensions@^2.0.0
312 silly packumentCache full:https://registry.npmjs.org/binary-extensions cache-miss
313 http fetch GET 200 https://registry.npmjs.org/binary-extensions 122ms (cache miss)
314 silly packumentCache full:https://registry.npmjs.org/binary-extensions set size:undefined disposed:false
315 silly placeDep ROOT @nodelib/fs.stat@2.0.5 OK for: fast-glob@3.3.3 want: ^2.0.2
316 silly placeDep ROOT @nodelib/fs.walk@1.2.8 OK for: fast-glob@3.3.3 want: ^1.2.3
317 silly placeDep node_modules/fast-glob glob-parent@5.1.2 OK for: fast-glob@3.3.3 want: ^5.1.2
318 silly placeDep ROOT merge2@1.4.1 OK for: fast-glob@3.3.3 want: ^1.3.0
319 silly fetch manifest fastq@^1.6.0
320 silly packumentCache full:https://registry.npmjs.org/fastq cache-miss
321 silly fetch manifest @nodelib/fs.scandir@2.1.5
322 silly packumentCache full:https://registry.npmjs.org/@nodelib%2ffs.scandir cache-miss
323 http fetch GET 200 https://registry.npmjs.org/@nodelib%2ffs.scandir 126ms (cache miss)
324 silly packumentCache full:https://registry.npmjs.org/@nodelib%2ffs.scandir set size:undefined disposed:false
325 http fetch GET 200 https://registry.npmjs.org/fastq 307ms (cache miss)
326 silly packumentCache full:https://registry.npmjs.org/fastq set size:undefined disposed:false
327 silly placeDep ROOT @nodelib/fs.scandir@2.1.5 OK for: @nodelib/fs.walk@1.2.8 want: 2.1.5
328 silly placeDep ROOT fastq@1.20.1 OK for: @nodelib/fs.walk@1.2.8 want: ^1.6.0
329 silly fetch manifest run-parallel@^1.1.9
330 silly packumentCache full:https://registry.npmjs.org/run-parallel cache-miss
331 silly fetch manifest reusify@^1.0.4
332 silly packumentCache full:https://registry.npmjs.org/reusify cache-miss
333 http fetch GET 200 https://registry.npmjs.org/run-parallel 91ms (cache miss)
334 silly packumentCache full:https://registry.npmjs.org/run-parallel set size:undefined disposed:false
335 http fetch GET 200 https://registry.npmjs.org/reusify 110ms (cache miss)
336 silly packumentCache full:https://registry.npmjs.org/reusify set size:undefined disposed:false
337 silly placeDep ROOT run-parallel@1.2.0 OK for: @nodelib/fs.scandir@2.1.5 want: ^1.1.9
338 silly fetch manifest queue-microtask@^1.2.2
339 silly packumentCache full:https://registry.npmjs.org/queue-microtask cache-miss
340 http fetch GET 200 https://registry.npmjs.org/queue-microtask 103ms (cache miss)
341 silly packumentCache full:https://registry.npmjs.org/queue-microtask set size:undefined disposed:false
342 silly placeDep ROOT reusify@1.1.0 OK for: fastq@1.20.1 want: ^1.0.4
343 silly placeDep ROOT binary-extensions@2.3.0 OK for: is-binary-path@2.1.0 want: ^2.0.0
344 silly placeDep ROOT read-cache@1.0.0 OK for: postcss-import@15.1.0 want: ^1.0.0
345 silly placeDep node_modules/postcss-import resolve@1.22.12 OK for: postcss-import@15.1.0 want: ^1.1.7
346 silly fetch manifest pify@^2.3.0
347 silly packumentCache full:https://registry.npmjs.org/pify cache-miss
348 http fetch GET 200 https://registry.npmjs.org/pify 197ms (cache miss)
349 silly packumentCache full:https://registry.npmjs.org/pify set size:undefined disposed:false
350 silly placeDep ROOT camelcase-css@2.0.1 OK for: postcss-js@4.1.0 want: ^2.0.1
351 silly placeDep ROOT cssesc@3.0.0 OK for: postcss-selector-parser@6.1.2 want: ^3.0.0
352 silly placeDep ROOT util-deprecate@1.0.2 OK for: postcss-selector-parser@6.1.2 want: ^1.0.2
353 silly placeDep ROOT pify@2.3.0 OK for: read-cache@1.0.0 want: ^2.3.0
354 silly placeDep ROOT queue-microtask@1.2.3 OK for: run-parallel@1.2.0 want: ^1.2.2
355 silly placeDep node_modules/react-native-css-interop detect-libc@1.0.3 OK for: lightningcss@1.27.0 want: ^1.0.3
356 silly placeDep node_modules/react-native-css-interop lightningcss-darwin-arm64@1.27.0 OK for: lightningcss@1.27.0 want: 1.27.0
357 silly placeDep node_modules/react-native-css-interop lightningcss-darwin-x64@1.27.0 OK for: lightningcss@1.27.0 want: 1.27.0
358 silly placeDep node_modules/react-native-css-interop lightningcss-freebsd-x64@1.27.0 OK for: lightningcss@1.27.0 want: 1.27.0
359 silly placeDep node_modules/react-native-css-interop lightningcss-linux-arm-gnueabihf@1.27.0 OK for: lightningcss@1.27.0 want: 1.27.0
360 silly placeDep node_modules/react-native-css-interop lightningcss-linux-arm64-gnu@1.27.0 OK for: lightningcss@1.27.0 want: 1.27.0
361 silly placeDep node_modules/react-native-css-interop lightningcss-linux-arm64-musl@1.27.0 OK for: lightningcss@1.27.0 want: 1.27.0
362 silly placeDep node_modules/react-native-css-interop lightningcss-linux-x64-gnu@1.27.0 OK for: lightningcss@1.27.0 want: 1.27.0
363 silly placeDep node_modules/react-native-css-interop lightningcss-linux-x64-musl@1.27.0 OK for: lightningcss@1.27.0 want: 1.27.0
364 silly placeDep node_modules/react-native-css-interop lightningcss-win32-arm64-msvc@1.27.0 OK for: lightningcss@1.27.0 want: 1.27.0
365 silly placeDep node_modules/react-native-css-interop lightningcss-win32-x64-msvc@1.27.0 OK for: lightningcss@1.27.0 want: 1.27.0
366 verbose type range
367 verbose stack expo-secure-store: No matching version found for expo-secure-store@~14.0.3.
367 verbose stack     at module.exports (C:\Program Files\nodejs\node_modules\npm\node_modules\npm-pick-manifest\lib\index.js:210:23)
367 verbose stack     at RegistryFetcher.manifest (C:\Program Files\nodejs\node_modules\npm\node_modules\pacote\lib\registry.js:130:54)
367 verbose stack     at async #fetchManifest (C:\Program Files\nodejs\node_modules\npm\node_modules\@npmcli\arborist\lib\arborist\build-ideal-tree.js:1214:20)
367 verbose stack     at async #nodeFromEdge (C:\Program Files\nodejs\node_modules\npm\node_modules\@npmcli\arborist\lib\arborist\build-ideal-tree.js:1052:19)
367 verbose stack     at async #buildDepStep (C:\Program Files\nodejs\node_modules\npm\node_modules\@npmcli\arborist\lib\arborist\build-ideal-tree.js:916:11)
367 verbose stack     at async Arborist.buildIdealTree (C:\Program Files\nodejs\node_modules\npm\node_modules\@npmcli\arborist\lib\arborist\build-ideal-tree.js:170:7)
367 verbose stack     at async Promise.all (index 1)
367 verbose stack     at async Arborist.reify (C:\Program Files\nodejs\node_modules\npm\node_modules\@npmcli\arborist\lib\arborist\reify.js:110:5)
367 verbose stack     at async Install.exec (C:\Program Files\nodejs\node_modules\npm\lib\commands\install.js:151:5)
367 verbose stack     at async Npm.exec (C:\Program Files\nodejs\node_modules\npm\lib\npm.js:208:9)
368 error code ETARGET
369 error notarget No matching version found for expo-secure-store@~14.0.3.
370 error notarget In most cases you or one of your dependencies are requesting
370 error notarget a package version that doesn't exist.
371 silly unfinished npm timer reify 1777326014340
372 silly unfinished npm timer reify:loadTrees 1777326014342
373 verbose cwd C:\Users\KAVUMMA DENNIS\Desktop\TICS\frontend
374 verbose os Windows_NT 10.0.26200
375 verbose node v24.14.0
376 verbose npm  v11.9.0
377 verbose exit 1
378 verbose code 1
379 error A complete log of this run can be found in: C:\Users\KAVUMMA DENNIS\Desktop\TICS\.npm-cache\_logs\2026-04-27T21_40_12_722Z-debug-0.log
