0 verbose cli C:\Program Files\nodejs\node.exe C:\Program Files\nodejs\node_modules\npm\bin\npm-cli.js
1 info using npm@11.9.0
2 info using node@v24.14.0
3 silly config load:file:C:\Program Files\nodejs\node_modules\npm\npmrc
4 silly config load:file:C:\Users\KAVUMMA DENNIS\Desktop\TICS\frontend\.npmrc
5 silly config load:file:C:\Users\KAVUMMA DENNIS\.npmrc
6 silly config load:file:C:\Users\KAVUMMA DENNIS\AppData\Roaming\npm\etc\npmrc
7 verbose title npm install
8 verbose argv "install"
9 verbose logfile logs-max:10 dir:C:\Users\KAVUMMA DENNIS\Desktop\TICS\frontend\.npm-cache\_logs\2026-05-10T22_11_03_549Z-
10 verbose logfile C:\Users\KAVUMMA DENNIS\Desktop\TICS\frontend\.npm-cache\_logs\2026-05-10T22_11_03_549Z-debug-0.log
11 silly logfile done cleaning log files
12 silly packumentCache heap:2348810240 maxSize:587202560 maxEntrySize:293601280
13 silly idealTree buildDeps
14 silly fetch manifest expo-apple-authentication@~8.0.8
15 silly packumentCache full:https://registry.npmjs.org/expo-apple-authentication cache-miss
16 http fetch GET 200 https://registry.npmjs.org/expo-apple-authentication 411ms (cache miss)
17 silly packumentCache full:https://registry.npmjs.org/expo-apple-authentication set size:undefined disposed:false
18 silly fetch manifest expo@~54.0.33
19 silly packumentCache full:https://registry.npmjs.org/expo cache-miss
20 http fetch GET 200 https://registry.npmjs.org/npm 1138ms
21 http fetch GET 200 https://registry.npmjs.org/expo 452ms (cache miss)
22 silly packumentCache full:https://registry.npmjs.org/expo set size:undefined disposed:false
23 silly fetch manifest @expo/dom-webview@*
24 silly packumentCache full:https://registry.npmjs.org/@expo%2fdom-webview cache-miss
25 http fetch GET 200 https://registry.npmjs.org/@expo%2fdom-webview 801ms (cache miss)
26 silly packumentCache full:https://registry.npmjs.org/@expo%2fdom-webview set size:undefined disposed:false
27 silly fetch manifest react@19.1.0
28 silly packumentCache full:https://registry.npmjs.org/react cache-miss
29 http fetch GET 200 https://registry.npmjs.org/react 318ms (cache miss)
30 silly packumentCache full:https://registry.npmjs.org/react set size:undefined disposed:false
31 silly fetch manifest react-native@0.81.5
32 silly packumentCache full:https://registry.npmjs.org/react-native cache-miss
33 http fetch GET 200 https://registry.npmjs.org/react-native 453ms (cache miss)
34 silly packumentCache full:https://registry.npmjs.org/react-native set size:undefined disposed:false
35 silly fetch manifest @types/react@~19.1.0
36 silly packumentCache full:https://registry.npmjs.org/@types%2freact cache-miss
37 http fetch GET 200 https://registry.npmjs.org/@types%2freact 177ms (cache miss)
38 silly packumentCache full:https://registry.npmjs.org/@types%2freact set size:undefined disposed:false
39 silly fetch manifest @expo/metro-runtime@*
40 silly packumentCache full:https://registry.npmjs.org/@expo%2fmetro-runtime cache-miss
41 http fetch GET 200 https://registry.npmjs.org/@expo%2fmetro-runtime 295ms (cache miss)
42 silly packumentCache full:https://registry.npmjs.org/@expo%2fmetro-runtime set size:undefined disposed:false
43 silly fetch manifest react-dom@19.1.0
44 silly packumentCache full:https://registry.npmjs.org/react-dom cache-miss
45 http fetch GET 200 https://registry.npmjs.org/react-dom 300ms (cache miss)
46 silly packumentCache full:https://registry.npmjs.org/react-dom set size:undefined disposed:false
47 silly fetch manifest react-native-webview@*
48 silly packumentCache full:https://registry.npmjs.org/react-native-webview cache-miss
49 http fetch GET 200 https://registry.npmjs.org/react-native-webview 120ms (cache miss)
50 silly packumentCache full:https://registry.npmjs.org/react-native-webview set size:undefined disposed:false
51 silly fetch manifest expo-auth-session@~55.0.15
52 silly packumentCache full:https://registry.npmjs.org/expo-auth-session cache-miss
53 http fetch GET 200 https://registry.npmjs.org/expo-auth-session 84ms (cache miss)
54 silly packumentCache full:https://registry.npmjs.org/expo-auth-session set size:undefined disposed:false
55 silly fetch manifest expo-crypto@~15.0.7
56 silly packumentCache full:https://registry.npmjs.org/expo-crypto cache-miss
57 http fetch GET 200 https://registry.npmjs.org/expo-crypto 75ms (cache miss)
58 silly packumentCache full:https://registry.npmjs.org/expo-crypto set size:undefined disposed:false
59 silly placeDep ROOT expo-apple-authentication@8.0.8 OK for: frontend@1.0.0 want: ~8.0.8
60 silly placeDep ROOT expo-auth-session@55.0.15 OK for: frontend@1.0.0 want: ~55.0.15
61 silly placeDep ROOT expo-crypto@15.0.9 OK for: frontend@1.0.0 want: ~15.0.7
62 silly fetch manifest expo-crypto@~55.0.14
63 silly packumentCache full:https://registry.npmjs.org/expo-crypto cache-miss
64 silly fetch manifest expo-linking@~55.0.14
65 silly packumentCache full:https://registry.npmjs.org/expo-linking cache-miss
66 silly fetch manifest expo-constants@~55.0.15
67 silly packumentCache full:https://registry.npmjs.org/expo-constants cache-miss
68 silly fetch manifest expo-web-browser@~55.0.14
69 silly packumentCache full:https://registry.npmjs.org/expo-web-browser cache-miss
70 http cache https://registry.npmjs.org/expo-crypto 21ms (cache hit)
71 silly packumentCache full:https://registry.npmjs.org/expo-crypto set size:701799 disposed:false
72 http fetch GET 200 https://registry.npmjs.org/expo-linking 100ms (cache miss)
73 silly packumentCache full:https://registry.npmjs.org/expo-linking set size:undefined disposed:false
74 http fetch GET 200 https://registry.npmjs.org/expo-constants 110ms (cache miss)
75 silly packumentCache full:https://registry.npmjs.org/expo-constants set size:undefined disposed:false
76 http fetch GET 200 https://registry.npmjs.org/expo-web-browser 188ms (cache miss)
77 silly packumentCache full:https://registry.npmjs.org/expo-web-browser set size:undefined disposed:false
78 silly fetch manifest expo@*
79 silly packumentCache full:https://registry.npmjs.org/expo cache-miss
80 http cache https://registry.npmjs.org/expo 18ms (cache hit)
81 silly packumentCache full:https://registry.npmjs.org/expo set size:3735816 disposed:false
82 silly fetch manifest react@*
83 silly packumentCache full:https://registry.npmjs.org/react cache-miss
84 http cache https://registry.npmjs.org/react 39ms (cache hit)
85 silly packumentCache full:https://registry.npmjs.org/react set size:6650647 disposed:false
86 silly fetch manifest react-native@*
87 silly packumentCache full:https://registry.npmjs.org/react-native cache-miss
88 http cache https://registry.npmjs.org/react-native 51ms (cache hit)
89 silly packumentCache full:https://registry.npmjs.org/react-native set size:15259769 disposed:false
90 silly fetch manifest @react-native/jest-preset@0.85.3
91 silly packumentCache full:https://registry.npmjs.org/@react-native%2fjest-preset cache-miss
92 http fetch GET 200 https://registry.npmjs.org/@react-native%2fjest-preset 88ms (cache miss)
93 silly packumentCache full:https://registry.npmjs.org/@react-native%2fjest-preset set size:undefined disposed:false
94 silly fetch manifest @types/react@^19.1.1
95 silly packumentCache full:https://registry.npmjs.org/@types%2freact cache-miss
96 http cache https://registry.npmjs.org/@types%2freact 15ms (cache hit)
97 silly packumentCache full:https://registry.npmjs.org/@types%2freact set size:2588964 disposed:false
98 silly fetch manifest react-dom@*
99 silly packumentCache full:https://registry.npmjs.org/react-dom cache-miss
100 http cache https://registry.npmjs.org/react-dom 35ms (cache hit)
101 silly packumentCache full:https://registry.npmjs.org/react-dom set size:8868827 disposed:false
102 silly placeDep node_modules/expo-auth-session expo-constants@55.0.16 CONFLICT for: expo-auth-session@55.0.15 want: ~55.0.15
103 silly placeDep node_modules/expo-auth-session expo-crypto@55.0.14 CONFLICT for: expo-auth-session@55.0.15 want: ~55.0.14
104 silly placeDep node_modules/expo-auth-session expo-linking@55.0.15 OK for: expo-auth-session@55.0.15 want: ~55.0.14
105 silly placeDep node_modules/expo-auth-session expo-web-browser@55.0.15 CONFLICT for: expo-auth-session@55.0.15 want: ~55.0.14
106 silly fetch manifest @expo/env@~2.1.2
107 silly packumentCache full:https://registry.npmjs.org/@expo%2fenv cache-miss
108 http fetch GET 200 https://registry.npmjs.org/@expo%2fenv 288ms (cache miss)
109 silly packumentCache full:https://registry.npmjs.org/@expo%2fenv set size:undefined disposed:false
110 silly placeDep node_modules/expo-auth-session @expo/env@2.1.2 OK for: expo-constants@55.0.16 want: ~2.1.2
111 silly reify moves {}
112 silly audit bulk request {
112 silly audit   '@0no-co/graphql.web': [ '1.2.0' ],
112 silly audit   '@alloc/quick-lru': [ '5.2.0' ],
112 silly audit   '@babel/code-frame': [ '7.29.0', '7.10.4' ],
112 silly audit   '@babel/compat-data': [ '7.29.0' ],
112 silly audit   '@babel/core': [ '7.29.0' ],
112 silly audit   '@babel/generator': [ '7.29.1' ],
112 silly audit   '@babel/helper-annotate-as-pure': [ '7.27.3' ],
112 silly audit   '@babel/helper-compilation-targets': [ '7.28.6' ],
112 silly audit   '@babel/helper-create-class-features-plugin': [ '7.28.6' ],
112 silly audit   '@babel/helper-create-regexp-features-plugin': [ '7.28.5' ],
112 silly audit   '@babel/helper-define-polyfill-provider': [ '0.6.8' ],
112 silly audit   resolve: [ '1.22.12', '1.7.1', '2.0.0-next.6' ],
112 silly audit   '@babel/helper-globals': [ '7.28.0' ],
112 silly audit   '@babel/helper-member-expression-to-functions': [ '7.28.5' ],
112 silly audit   '@babel/helper-module-imports': [ '7.28.6' ],
112 silly audit   '@babel/helper-module-transforms': [ '7.28.6' ],
112 silly audit   '@babel/helper-optimise-call-expression': [ '7.27.1' ],
112 silly audit   '@babel/helper-plugin-utils': [ '7.28.6' ],
112 silly audit   '@babel/helper-remap-async-to-generator': [ '7.27.1' ],
112 silly audit   '@babel/helper-replace-supers': [ '7.28.6' ],
112 silly audit   '@babel/helper-skip-transparent-expression-wrappers': [ '7.27.1' ],
112 silly audit   '@babel/helper-string-parser': [ '7.27.1' ],
112 silly audit   '@babel/helper-validator-identifier': [ '7.28.5' ],
112 silly audit   '@babel/helper-validator-option': [ '7.27.1' ],
112 silly audit   '@babel/helper-wrap-function': [ '7.28.6' ],
112 silly audit   '@babel/helpers': [ '7.29.2' ],
112 silly audit   '@babel/highlight': [ '7.25.9' ],
112 silly audit   'ansi-styles': [ '3.2.1', '4.3.0', '5.2.0' ],
112 silly audit   chalk: [ '2.4.2', '4.1.2' ],
112 silly audit   'color-convert': [ '1.9.3', '2.0.1' ],
112 silly audit   'color-name': [ '1.1.3', '1.1.4' ],
112 silly audit   'escape-string-regexp': [ '1.0.5', '4.0.0', '2.0.0' ],
112 silly audit   'has-flag': [ '3.0.0', '4.0.0' ],
112 silly audit   'supports-color': [ '5.5.0', '8.1.1', '7.2.0' ],
112 silly audit   '@babel/parser': [ '7.29.2' ],
112 silly audit   '@babel/plugin-proposal-decorators': [ '7.29.0' ],
112 silly audit   '@babel/plugin-proposal-export-default-from': [ '7.27.1' ],
112 silly audit   '@babel/plugin-syntax-async-generators': [ '7.8.4' ],
112 silly audit   '@babel/plugin-syntax-bigint': [ '7.8.3' ],
112 silly audit   '@babel/plugin-syntax-class-properties': [ '7.12.13' ],
112 silly audit   '@babel/plugin-syntax-class-static-block': [ '7.14.5' ],
112 silly audit   '@babel/plugin-syntax-decorators': [ '7.28.6' ],
112 silly audit   '@babel/plugin-syntax-dynamic-import': [ '7.8.3' ],
112 silly audit   '@babel/plugin-syntax-export-default-from': [ '7.28.6' ],
112 silly audit   '@babel/plugin-syntax-flow': [ '7.28.6' ],
112 silly audit   '@babel/plugin-syntax-import-attributes': [ '7.28.6' ],
112 silly audit   '@babel/plugin-syntax-import-meta': [ '7.10.4' ],
112 silly audit   '@babel/plugin-syntax-json-strings': [ '7.8.3' ],
112 silly audit   '@babel/plugin-syntax-jsx': [ '7.28.6' ],
112 silly audit   '@babel/plugin-syntax-logical-assignment-operators': [ '7.10.4' ],
112 silly audit   '@babel/plugin-syntax-nullish-coalescing-operator': [ '7.8.3' ],
112 silly audit   '@babel/plugin-syntax-numeric-separator': [ '7.10.4' ],
112 silly audit   '@babel/plugin-syntax-object-rest-spread': [ '7.8.3' ],
112 silly audit   '@babel/plugin-syntax-optional-catch-binding': [ '7.8.3' ],
112 silly audit   '@babel/plugin-syntax-optional-chaining': [ '7.8.3' ],
112 silly audit   '@babel/plugin-syntax-private-property-in-object': [ '7.14.5' ],
112 silly audit   '@babel/plugin-syntax-top-level-await': [ '7.14.5' ],
112 silly audit   '@babel/plugin-syntax-typescript': [ '7.28.6' ],
112 silly audit   '@babel/plugin-transform-arrow-functions': [ '7.27.1' ],
112 silly audit   '@babel/plugin-transform-async-generator-functions': [ '7.29.0' ],
112 silly audit   '@babel/plugin-transform-async-to-generator': [ '7.28.6' ],
112 silly audit   '@babel/plugin-transform-block-scoping': [ '7.28.6' ],
112 silly audit   '@babel/plugin-transform-class-properties': [ '7.28.6' ],
112 silly audit   '@babel/plugin-transform-class-static-block': [ '7.28.6' ],
112 silly audit   '@babel/plugin-transform-classes': [ '7.28.6' ],
112 silly audit   '@babel/plugin-transform-computed-properties': [ '7.28.6' ],
112 silly audit   '@babel/plugin-transform-destructuring': [ '7.28.5' ],
112 silly audit   '@babel/plugin-transform-export-namespace-from': [ '7.27.1' ],
112 silly audit   '@babel/plugin-transform-flow-strip-types': [ '7.27.1' ],
112 silly audit   '@babel/plugin-transform-for-of': [ '7.27.1' ],
112 silly audit   '@babel/plugin-transform-function-name': [ '7.27.1' ],
112 silly audit   '@babel/plugin-transform-literals': [ '7.27.1' ],
112 silly audit   '@babel/plugin-transform-logical-assignment-operators': [ '7.28.6' ],
112 silly audit   '@babel/plugin-transform-modules-commonjs': [ '7.28.6' ],
112 silly audit   '@babel/plugin-transform-named-capturing-groups-regex': [ '7.29.0' ],
112 silly audit   '@babel/plugin-transform-nullish-coalescing-operator': [ '7.28.6' ],
112 silly audit   '@babel/plugin-transform-numeric-separator': [ '7.28.6' ],
112 silly audit   '@babel/plugin-transform-object-rest-spread': [ '7.28.6' ],
112 silly audit   '@babel/plugin-transform-optional-catch-binding': [ '7.28.6' ],
112 silly audit   '@babel/plugin-transform-optional-chaining': [ '7.28.6' ],
112 silly audit   '@babel/plugin-transform-parameters': [ '7.27.7' ],
112 silly audit   '@babel/plugin-transform-private-methods': [ '7.28.6' ],
112 silly audit   '@babel/plugin-transform-private-property-in-object': [ '7.28.6' ],
112 silly audit   '@babel/plugin-transform-react-display-name': [ '7.28.0' ],
112 silly audit   '@babel/plugin-transform-react-jsx': [ '7.28.6' ],
112 silly audit   '@babel/plugin-transform-react-jsx-development': [ '7.27.1' ],
112 silly audit   '@babel/plugin-transform-react-jsx-self': [ '7.27.1' ],
112 silly audit   '@babel/plugin-transform-react-jsx-source': [ '7.27.1' ],
112 silly audit   '@babel/plugin-transform-react-pure-annotations': [ '7.27.1' ],
112 silly audit   '@babel/plugin-transform-regenerator': [ '7.29.0' ],
112 silly audit   '@babel/plugin-transform-runtime': [ '7.29.0' ],
112 silly audit   '@babel/plugin-transform-shorthand-properties': [ '7.27.1' ],
112 silly audit   '@babel/plugin-transform-spread': [ '7.28.6' ],
112 silly audit   '@babel/plugin-transform-sticky-regex': [ '7.27.1' ],
112 silly audit   '@babel/plugin-transform-template-literals': [ '7.27.1' ],
112 silly audit   '@babel/plugin-transform-typescript': [ '7.28.6' ],
112 silly audit   '@babel/plugin-transform-unicode-regex': [ '7.27.1' ],
112 silly audit   '@babel/preset-react': [ '7.28.5' ],
112 silly audit   '@babel/preset-typescript': [ '7.28.5' ],
112 silly audit   '@babel/runtime': [ '7.29.2' ],
112 silly audit   '@babel/template': [ '7.28.6' ],
112 silly audit   '@babel/traverse': [ '7.29.0' ],
112 silly audit   '@babel/types': [ '7.29.0' ],
112 silly audit   '@egjs/hammerjs': [ '2.0.17' ],
112 silly audit   '@emnapi/core': [ '1.10.0' ],
112 silly audit   '@emnapi/runtime': [ '1.10.0' ],
112 silly audit   '@emnapi/wasi-threads': [ '1.2.1' ],
112 silly audit   '@eslint-community/eslint-utils': [ '4.9.1' ],
112 silly audit   'eslint-visitor-keys': [ '3.4.3', '5.0.1', '4.2.1' ],
112 silly audit   '@eslint-community/regexpp': [ '4.12.2' ],
112 silly audit   '@eslint/config-array': [ '0.21.2' ],
112 silly audit   '@eslint/config-helpers': [ '0.4.2' ],
112 silly audit   '@eslint/core': [ '0.17.0' ],
112 silly audit   '@eslint/eslintrc': [ '3.3.5' ],
112 silly audit   '@eslint/js': [ '9.39.4' ],
112 silly audit   '@eslint/object-schema': [ '2.1.7' ],
112 silly audit   '@eslint/plugin-kit': [ '0.4.1' ],
112 silly audit   '@expo/code-signing-certificates': [ '0.0.6' ],
112 silly audit   '@expo/config': [ '12.0.13' ],
112 silly audit   '@expo/config-plugins': [ '54.0.4' ],
112 silly audit   semver: [ '7.7.4', '7.6.3', '7.7.2', '6.3.1' ],
112 silly audit   '@expo/config-types': [ '54.0.10' ],
112 silly audit   '@expo/devcert': [ '1.2.1' ],
112 silly audit   debug: [ '3.2.7', '2.6.9', '4.4.3' ],
112 silly audit   '@expo/devtools': [ '0.1.8' ],
112 silly audit   '@expo/env': [ '2.0.11', '2.1.1', '2.1.2' ],
112 silly audit   '@expo/fingerprint': [ '0.15.4' ],
112 silly audit   'brace-expansion': [ '2.1.0', '5.0.5', '1.1.14' ],
112 silly audit   minimatch: [ '9.0.9', '10.2.5', '3.1.5' ],
112 silly audit   '@expo/image-utils': [ '0.8.13' ],
112 silly audit   '@expo/json-file': [ '10.0.13' ],
112 silly audit   '@expo/metro': [ '54.2.0' ],
112 silly audit   '@expo/metro-config': [ '54.0.14' ],
112 silly audit   '@expo/metro-runtime': [ '6.1.2' ],
112 silly audit   '@expo/osascript': [ '2.4.2' ],
112 silly audit   '@expo/package-manager': [ '1.10.4' ],
112 silly audit   '@expo/plist': [ '0.4.8' ],
112 silly audit   '@expo/prebuild-config': [ '54.0.8' ],
112 silly audit   '@expo/require-utils': [ '55.0.4' ],
112 silly audit   '@expo/schema-utils': [ '0.1.8' ],
112 silly audit   '@expo/sdk-runtime-versions': [ '1.0.0' ],
112 silly audit   '@expo/spawn-async': [ '1.7.2' ],
112 silly audit   '@expo/sudo-prompt': [ '9.3.2' ],
112 silly audit   '@expo/vector-icons': [ '15.1.1' ],
112 silly audit   '@expo/ws-tunnel': [ '1.0.6' ],
112 silly audit   '@expo/xcpretty': [ '4.4.3' ],
112 silly audit   '@firebase/ai': [ '2.11.1' ],
112 silly audit   '@firebase/analytics': [ '0.10.21' ],
112 silly audit   '@firebase/analytics-compat': [ '0.2.27' ],
112 silly audit   '@firebase/analytics-types': [ '0.8.3' ],
112 silly audit   '@firebase/app': [ '0.14.11' ],
112 silly audit   '@firebase/app-check': [ '0.11.2' ],
112 silly audit   '@firebase/app-check-compat': [ '0.4.2' ],
112 silly audit   '@firebase/app-check-interop-types': [ '0.3.3' ],
112 silly audit   '@firebase/app-check-types': [ '0.5.3' ],
112 silly audit   '@firebase/app-compat': [ '0.5.11' ],
112 silly audit   '@firebase/app-types': [ '0.9.4' ],
112 silly audit   '@firebase/auth': [ '1.13.0' ],
112 silly audit   '@firebase/auth-compat': [ '0.6.5' ],
112 silly audit   '@firebase/auth-interop-types': [ '0.2.4' ],
112 silly audit   '@firebase/auth-types': [ '0.13.0' ],
112 silly audit   '@firebase/component': [ '0.7.2' ],
112 silly audit   '@firebase/data-connect': [ '0.6.0' ],
112 silly audit   '@firebase/database': [ '1.1.2' ],
112 silly audit   '@firebase/database-compat': [ '2.1.3' ],
112 silly audit   '@firebase/database-types': [ '1.0.19' ],
112 silly audit   '@firebase/firestore': [ '4.14.0' ],
112 silly audit   '@firebase/firestore-compat': [ '0.4.8' ],
112 silly audit   '@firebase/firestore-types': [ '3.0.3' ],
112 silly audit   '@firebase/functions': [ '0.13.3' ],
112 silly audit   '@firebase/functions-compat': [ '0.4.3' ],
112 silly audit   '@firebase/functions-types': [ '0.6.3' ],
112 silly audit   '@firebase/installations': [ '0.6.21' ],
112 silly audit   '@firebase/installations-compat': [ '0.2.21' ],
112 silly audit   '@firebase/installations-types': [ '0.5.3' ],
112 silly audit   '@firebase/logger': [ '0.5.0' ],
112 silly audit   '@firebase/messaging': [ '0.12.25' ],
112 silly audit   '@firebase/messaging-compat': [ '0.2.25' ],
112 silly audit   '@firebase/messaging-interop-types': [ '0.2.3' ],
112 silly audit   '@firebase/performance': [ '0.7.11' ],
112 silly audit   '@firebase/performance-compat': [ '0.2.24' ],
112 silly audit   '@firebase/performance-types': [ '0.2.3' ],
112 silly audit   '@firebase/remote-config': [ '0.8.2' ],
112 silly audit   '@firebase/remote-config-compat': [ '0.2.23' ],
112 silly audit   '@firebase/remote-config-types': [ '0.5.0' ],
112 silly audit   '@firebase/storage': [ '0.14.2' ],
112 silly audit   '@firebase/storage-compat': [ '0.4.2' ],
112 silly audit   '@firebase/storage-types': [ '0.8.3' ],
112 silly audit   '@firebase/util': [ '1.15.0' ],
112 silly audit   '@firebase/webchannel-wrapper': [ '1.0.5' ],
112 silly audit   '@grpc/grpc-js': [ '1.9.15' ],
112 silly audit   '@grpc/proto-loader': [ '0.7.15' ],
112 silly audit   '@humanfs/core': [ '0.19.2' ],
112 silly audit   '@humanfs/node': [ '0.16.8' ],
112 silly audit   '@humanfs/types': [ '0.15.0' ],
112 silly audit   '@humanwhocodes/module-importer': [ '1.0.1' ],
112 silly audit   '@humanwhocodes/retry': [ '0.4.3' ],
112 silly audit   '@isaacs/fs-minipass': [ '4.0.1' ],
112 silly audit   '@isaacs/ttlcache': [ '1.4.1' ],
112 silly audit   '@istanbuljs/load-nyc-config': [ '1.1.0' ],
112 silly audit   argparse: [ '1.0.10', '2.0.1' ],
112 silly audit   camelcase: [ '5.3.1', '6.3.0' ],
112 silly audit   'find-up': [ '4.1.0', '5.0.0' ],
112 silly audit   'js-yaml': [ '3.14.2', '4.1.1' ],
112 silly audit   'locate-path': [ '5.0.0', '6.0.0' ],
112 silly audit   'p-limit': [ '2.3.0', '3.1.0' ],
112 silly audit   'p-locate': [ '4.1.0', '5.0.0' ],
112 silly audit   '@istanbuljs/schema': [ '0.1.6' ],
112 silly audit   '@jest/create-cache-key-function': [ '29.7.0' ],
112 silly audit   '@jest/environment': [ '29.7.0' ],
112 silly audit   '@jest/fake-timers': [ '29.7.0' ],
112 silly audit   '@jest/schemas': [ '29.6.3' ],
112 silly audit   '@jest/transform': [ '29.7.0' ],
112 silly audit   '@jest/types': [ '29.6.3' ],
112 silly audit   '@jridgewell/gen-mapping': [ '0.3.13' ],
112 silly audit   '@jridgewell/remapping': [ '2.3.5' ],
112 silly audit   '@jridgewell/resolve-uri': [ '3.1.2' ],
112 silly audit   '@jridgewell/source-map': [ '0.3.11' ],
112 silly audit   '@jridgewell/sourcemap-codec': [ '1.5.5' ],
112 silly audit   '@jridgewell/trace-mapping': [ '0.3.31' ],
112 silly audit   '@napi-rs/wasm-runtime': [ '0.2.12' ],
112 silly audit   '@nodelib/fs.scandir': [ '2.1.5' ],
112 silly audit   '@nodelib/fs.stat': [ '2.0.5' ],
112 silly audit   '@nodelib/fs.walk': [ '1.2.8' ],
112 silly audit   '@nolyfill/is-core-module': [ '1.0.39' ],
112 silly audit   '@protobufjs/aspromise': [ '1.1.2' ],
112 silly audit   '@protobufjs/base64': [ '1.1.2' ],
112 silly audit   '@protobufjs/codegen': [ '2.0.5' ],
112 silly audit   '@protobufjs/eventemitter': [ '1.1.0' ],
112 silly audit   '@protobufjs/fetch': [ '1.1.0' ],
112 silly audit   '@protobufjs/float': [ '1.0.2' ],
112 silly audit   '@protobufjs/inquire': [ '1.1.1' ],
112 silly audit   '@protobufjs/path': [ '1.1.2' ],
112 silly audit   '@protobufjs/pool': [ '1.1.0' ],
112 silly audit   '@protobufjs/utf8': [ '1.1.1' ],
112 silly audit   '@radix-ui/primitive': [ '1.1.3' ],
112 silly audit   '@radix-ui/react-compose-refs': [ '1.1.2' ],
112 silly audit   '@radix-ui/react-context': [ '1.1.2' ],
112 silly audit   '@radix-ui/react-direction': [ '1.1.1' ],
112 silly audit   '@radix-ui/react-focus-guards': [ '1.1.3' ],
112 silly audit   '@radix-ui/react-id': [ '1.1.1' ],
112 silly audit   '@radix-ui/react-slot': [ '1.2.0', '1.2.3' ],
112 silly audit   '@radix-ui/react-use-callback-ref': [ '1.1.1' ],
112 silly audit   '@radix-ui/react-use-controllable-state': [ '1.2.2' ],
112 silly audit   '@radix-ui/react-use-effect-event': [ '0.0.2' ],
112 silly audit   '@radix-ui/react-use-escape-keydown': [ '1.1.1' ],
112 silly audit   '@radix-ui/react-use-layout-effect': [ '1.1.1' ],
112 silly audit   '@react-native-async-storage/async-storage': [ '2.2.0' ],
112 silly audit   '@react-native/assets-registry': [ '0.81.5' ],
112 silly audit   '@react-native/babel-plugin-codegen': [ '0.81.5' ],
112 silly audit   '@react-native/babel-preset': [ '0.81.5' ],
112 silly audit   '@react-native/codegen': [ '0.81.5' ],
112 silly audit   glob: [ '7.2.3', '13.0.6' ],
112 silly audit   '@react-native/community-cli-plugin': [ '0.81.5' ],
112 silly audit   '@react-native/debugger-frontend': [ '0.81.5' ],
112 silly audit   '@react-native/dev-middleware': [ '0.81.5' ],
112 silly audit   ws: [ '6.2.3', '8.20.0', '7.5.10' ],
112 silly audit   '@react-native/gradle-plugin': [ '0.81.5' ],
112 silly audit   '@react-native/js-polyfills': [ '0.81.5' ],
112 silly audit   '@react-native/normalize-colors': [ '0.81.5', '0.74.89' ],
112 silly audit   '@react-navigation/bottom-tabs': [ '7.15.9' ],
112 silly audit   '@react-navigation/core': [ '7.17.2' ],
112 silly audit   '@react-navigation/elements': [ '2.9.14' ],
112 silly audit   '@react-navigation/native': [ '7.2.2' ],
112 silly audit   '@react-navigation/native-stack': [ '7.14.11' ],
112 silly audit   '@react-navigation/routers': [ '7.5.3' ],
112 silly audit   '@rtsao/scc': [ '1.1.0' ],
112 silly audit   '@sinclair/typebox': [ '0.27.10' ],
112 silly audit   '@sinonjs/commons': [ '3.0.1' ],
112 silly audit   '@sinonjs/fake-timers': [ '10.3.0' ],
112 silly audit   '@tybys/wasm-util': [ '0.10.1' ],
112 silly audit   '@types/babel__core': [ '7.20.5' ],
112 silly audit   '@types/babel__generator': [ '7.27.0' ],
112 silly audit   '@types/babel__template': [ '7.4.4' ],
112 silly audit   '@types/babel__traverse': [ '7.28.0' ],
112 silly audit   '@types/estree': [ '1.0.8' ],
112 silly audit   '@types/geojson': [ '7946.0.16' ],
112 silly audit   '@types/graceful-fs': [ '4.1.9' ],
112 silly audit   '@types/hammerjs': [ '2.0.46' ],
112 silly audit   '@types/istanbul-lib-coverage': [ '2.0.6' ],
112 silly audit   '@types/istanbul-lib-report': [ '3.0.3' ],
112 silly audit   '@types/istanbul-reports': [ '3.0.4' ],
112 silly audit   '@types/json-schema': [ '7.0.15' ],
112 silly audit   '@types/json5': [ '0.0.29' ],
112 silly audit   '@types/node': [ '25.6.0' ],
112 silly audit   '@types/react': [ '19.1.17' ],
112 silly audit   '@types/stack-utils': [ '2.0.3' ],
112 silly audit   '@types/yargs': [ '17.0.35' ],
112 silly audit   '@types/yargs-parser': [ '21.0.3' ],
112 silly audit   '@typescript-eslint/eslint-plugin': [ '8.59.0' ],
112 silly audit   ignore: [ '7.0.5', '5.3.2' ],
112 silly audit   '@typescript-eslint/parser': [ '8.59.0' ],
112 silly audit   '@typescript-eslint/project-service': [ '8.59.0' ],
112 silly audit   '@typescript-eslint/scope-manager': [ '8.59.0' ],
112 silly audit   '@typescript-eslint/tsconfig-utils': [ '8.59.0' ],
112 silly audit   '@typescript-eslint/type-utils': [ '8.59.0' ],
112 silly audit   '@typescript-eslint/types': [ '8.59.0' ],
112 silly audit   '@typescript-eslint/typescript-estree': [ '8.59.0' ],
112 silly audit   'balanced-match': [ '4.0.4', '1.0.2' ],
112 silly audit   '@typescript-eslint/utils': [ '8.59.0' ],
112 silly audit   '@typescript-eslint/visitor-keys': [ '8.59.0' ],
112 silly audit   '@ungap/structured-clone': [ '1.3.0' ],
112 silly audit   '@unrs/resolver-binding-android-arm-eabi': [ '1.11.1' ],
112 silly audit   '@unrs/resolver-binding-android-arm64': [ '1.11.1' ],
112 silly audit   '@unrs/resolver-binding-darwin-arm64': [ '1.11.1' ],
112 silly audit   '@unrs/resolver-binding-darwin-x64': [ '1.11.1' ],
112 silly audit   '@unrs/resolver-binding-freebsd-x64': [ '1.11.1' ],
112 silly audit   '@unrs/resolver-binding-linux-arm-gnueabihf': [ '1.11.1' ],
112 silly audit   '@unrs/resolver-binding-linux-arm-musleabihf': [ '1.11.1' ],
112 silly audit   '@unrs/resolver-binding-linux-arm64-gnu': [ '1.11.1' ],
112 silly audit   '@unrs/resolver-binding-linux-arm64-musl': [ '1.11.1' ],
112 silly audit   '@unrs/resolver-binding-linux-ppc64-gnu': [ '1.11.1' ],
112 silly audit   '@unrs/resolver-binding-linux-riscv64-gnu': [ '1.11.1' ],
112 silly audit   '@unrs/resolver-binding-linux-riscv64-musl': [ '1.11.1' ],
112 silly audit   '@unrs/resolver-binding-linux-s390x-gnu': [ '1.11.1' ],
112 silly audit   '@unrs/resolver-binding-linux-x64-gnu': [ '1.11.1' ],
112 silly audit   '@unrs/resolver-binding-linux-x64-musl': [ '1.11.1' ],
112 silly audit   '@unrs/resolver-binding-wasm32-wasi': [ '1.11.1' ],
112 silly audit   '@unrs/resolver-binding-win32-arm64-msvc': [ '1.11.1' ],
112 silly audit   '@unrs/resolver-binding-win32-ia32-msvc': [ '1.11.1' ],
112 silly audit   '@unrs/resolver-binding-win32-x64-msvc': [ '1.11.1' ],
112 silly audit   '@urql/core': [ '5.2.0' ],
112 silly audit   '@urql/exchange-retry': [ '1.3.2' ],
112 silly audit   '@xmldom/xmldom': [ '0.8.13' ],
112 silly audit   'abort-controller': [ '3.0.0' ],
112 silly audit   accepts: [ '1.3.8' ],
112 silly audit   acorn: [ '8.16.0' ],
112 silly audit   'acorn-jsx': [ '5.3.2' ],
112 silly audit   'agent-base': [ '7.1.4' ],
112 silly audit   ajv: [ '6.14.0' ],
112 silly audit   anser: [ '1.4.10' ],
112 silly audit   'ansi-escapes': [ '4.3.2' ],
112 silly audit   'type-fest': [ '0.21.3', '0.7.1' ],
112 silly audit   'ansi-regex': [ '5.0.1', '4.1.1' ],
112 silly audit   'any-promise': [ '1.3.0' ],
112 silly audit   anymatch: [ '3.1.3' ],
112 silly audit   arg: [ '5.0.2' ],
112 silly audit   'aria-hidden': [ '1.2.6' ],
112 silly audit   'array-buffer-byte-length': [ '1.0.2' ],
112 silly audit   'array-includes': [ '3.1.9' ],
112 silly audit   'array-timsort': [ '1.0.3' ],
112 silly audit   'array.prototype.findlast': [ '1.2.5' ],
112 silly audit   'array.prototype.findlastindex': [ '1.2.6' ],
112 silly audit   'array.prototype.flat': [ '1.3.3' ],
112 silly audit   'array.prototype.flatmap': [ '1.3.3' ],
112 silly audit   'array.prototype.tosorted': [ '1.1.4' ],
112 silly audit   'arraybuffer.prototype.slice': [ '1.0.4' ],
112 silly audit   asap: [ '2.0.6' ],
112 silly audit   'async-function': [ '1.0.0' ],
112 silly audit   'async-limiter': [ '1.0.1' ],
112 silly audit   'available-typed-arrays': [ '1.0.7' ],
112 silly audit   'babel-jest': [ '29.7.0' ],
112 silly audit   'babel-plugin-istanbul': [ '6.1.1' ],
112 silly audit   'babel-plugin-jest-hoist': [ '29.6.3' ],
112 silly audit   'babel-plugin-polyfill-corejs2': [ '0.4.17' ],
112 silly audit   'babel-plugin-polyfill-corejs3': [ '0.13.0' ],
112 silly audit   'babel-plugin-polyfill-regenerator': [ '0.6.8' ],
112 silly audit   'babel-plugin-react-compiler': [ '1.0.0' ],
112 silly audit   'babel-plugin-react-native-web': [ '0.21.2' ],
112 silly audit   'babel-plugin-syntax-hermes-parser': [ '0.29.1' ],
112 silly audit   'babel-plugin-transform-flow-enums': [ '0.0.2' ],
112 silly audit   'babel-preset-current-node-syntax': [ '1.2.0' ],
112 silly audit   'babel-preset-expo': [ '54.0.10' ],
112 silly audit   'babel-preset-jest': [ '29.6.3' ],
112 silly audit   badgin: [ '1.2.3' ],
112 silly audit   'base64-js': [ '1.5.1' ],
112 silly audit   'baseline-browser-mapping': [ '2.10.21' ],
112 silly audit   'better-opn': [ '3.0.2' ],
112 silly audit   open: [ '8.4.2', '7.4.2' ],
112 silly audit   'big-integer': [ '1.6.52' ],
112 silly audit   'binary-extensions': [ '2.3.0' ],
112 silly audit   'bplist-creator': [ '0.1.0' ],
112 silly audit   'bplist-parser': [ '0.3.1' ],
112 silly audit   braces: [ '3.0.3' ],
112 silly audit   browserslist: [ '4.28.2' ],
112 silly audit   bser: [ '2.1.1' ],
112 silly audit   buffer: [ '5.7.1' ],
112 silly audit   'buffer-from': [ '1.1.2' ],
112 silly audit   bytes: [ '3.1.2' ],
112 silly audit   'call-bind': [ '1.0.9' ],
112 silly audit   'call-bind-apply-helpers': [ '1.0.2' ],
112 silly audit   'call-bound': [ '1.0.4' ],
112 silly audit   callsites: [ '3.1.0' ],
112 silly audit   'camelcase-css': [ '2.0.1' ],
112 silly audit   'caniuse-lite': [ '1.0.30001790' ],
112 silly audit   chokidar: [ '3.6.0' ],
112 silly audit   'glob-parent': [ '5.1.2', '6.0.2' ],
112 silly audit   chownr: [ '3.0.0' ],
112 silly audit   'chrome-launcher': [ '0.15.2' ],
112 silly audit   'chromium-edge-launcher': [ '0.2.0' ],
112 silly audit   'ci-info': [ '2.0.0', '3.9.0' ],
112 silly audit   'cli-cursor': [ '2.1.0' ],
112 silly audit   'cli-spinners': [ '2.9.2' ],
112 silly audit   'client-only': [ '0.0.1' ],
112 silly audit   cliui: [ '8.0.1' ],
112 silly audit   clone: [ '1.0.4' ],
112 silly audit   color: [ '4.2.3' ],
112 silly audit   'color-string': [ '1.9.1' ],
112 silly audit   commander: [ '7.2.0', '12.1.0', '4.1.1', '2.20.3' ],
112 silly audit   'comment-json': [ '4.6.2' ],
112 silly audit   compressible: [ '2.0.18' ],
112 silly audit   compression: [ '1.8.1' ],
112 silly audit   ms: [ '2.0.0', '2.1.3' ],
112 silly audit   negotiator: [ '0.6.4', '0.6.3' ],
112 silly audit   'concat-map': [ '0.0.1' ],
112 silly audit   connect: [ '3.7.0' ],
112 silly audit   'convert-source-map': [ '2.0.0' ],
112 silly audit   'core-js-compat': [ '3.49.0' ],
112 silly audit   'cross-fetch': [ '3.2.0' ],
112 silly audit   'cross-spawn': [ '7.0.6' ],
112 silly audit   'css-in-js-utils': [ '3.1.0' ],
112 silly audit   cssesc: [ '3.0.0' ],
112 silly audit   csstype: [ '3.2.3' ],
112 silly audit   'data-view-buffer': [ '1.0.2' ],
112 silly audit   'data-view-byte-length': [ '1.0.2' ],
112 silly audit   'data-view-byte-offset': [ '1.0.1' ],
112 silly audit   'decode-uri-component': [ '0.2.2' ],
112 silly audit   'deep-extend': [ '0.6.0' ],
112 silly audit   'deep-is': [ '0.1.4' ],
112 silly audit   deepmerge: [ '4.3.1' ],
112 silly audit   defaults: [ '1.0.4' ],
112 silly audit   'define-data-property': [ '1.1.4' ],
112 silly audit   'define-lazy-prop': [ '2.0.0' ],
112 silly audit   'define-properties': [ '1.2.1' ],
112 silly audit   depd: [ '2.0.0' ],
112 silly audit   destroy: [ '1.2.0' ],
112 silly audit   'detect-libc': [ '2.1.2', '1.0.3' ],
112 silly audit   'detect-node-es': [ '1.1.0' ],
112 silly audit   didyoumean: [ '1.2.2' ],
112 silly audit   dlv: [ '1.1.3' ],
112 silly audit   doctrine: [ '2.1.0' ],
112 silly audit   dotenv: [ '16.4.7' ],
112 silly audit   'dotenv-expand': [ '11.0.7' ],
112 silly audit   'dunder-proto': [ '1.0.1' ],
112 silly audit   'ee-first': [ '1.1.1' ],
112 silly audit   'electron-to-chromium': [ '1.5.343' ],
112 silly audit   'emoji-regex': [ '8.0.0' ],
112 silly audit   encodeurl: [ '1.0.2', '2.0.0' ],
112 silly audit   'env-editor': [ '0.4.2' ],
112 silly audit   'error-stack-parser': [ '2.1.4' ],
112 silly audit   'es-abstract': [ '1.24.2' ],
112 silly audit   'es-define-property': [ '1.0.1' ],
112 silly audit   'es-errors': [ '1.3.0' ],
112 silly audit   'es-iterator-helpers': [ '1.3.2' ],
112 silly audit   'es-object-atoms': [ '1.1.1' ],
112 silly audit   'es-set-tostringtag': [ '2.1.0' ],
112 silly audit   'es-shim-unscopables': [ '1.1.0' ],
112 silly audit   'es-to-primitive': [ '1.3.0' ],
112 silly audit   escalade: [ '3.2.0' ],
112 silly audit   'escape-html': [ '1.0.3' ],
112 silly audit   eslint: [ '9.39.4' ],
112 silly audit   'eslint-config-expo': [ '10.0.0' ],
112 silly audit   globals: [ '16.5.0', '14.0.0' ],
112 silly audit   'eslint-import-resolver-node': [ '0.3.10' ],
112 silly audit   'eslint-import-resolver-typescript': [ '3.10.1' ],
112 silly audit   'eslint-module-utils': [ '2.12.1' ],
112 silly audit   'eslint-plugin-expo': [ '1.0.0' ],
112 silly audit   'eslint-plugin-import': [ '2.32.0' ],
112 silly audit   'eslint-plugin-react': [ '7.37.5' ],
112 silly audit   'eslint-plugin-react-hooks': [ '5.2.0' ],
112 silly audit   'eslint-scope': [ '8.4.0' ],
112 silly audit   espree: [ '10.4.0' ],
112 silly audit   esprima: [ '4.0.1' ],
112 silly audit   esquery: [ '1.7.0' ],
112 silly audit   esrecurse: [ '4.3.0' ],
112 silly audit   estraverse: [ '5.3.0' ],
112 silly audit   esutils: [ '2.0.3' ],
112 silly audit   etag: [ '1.8.1' ],
112 silly audit   'event-target-shim': [ '5.0.1' ],
112 silly audit   expo: [ '54.0.33' ],
112 silly audit   'expo-application': [ '55.0.14' ],
112 silly audit   'expo-asset': [ '12.0.12' ],
112 silly audit   'expo-constants': [ '18.0.13', '55.0.15', '55.0.16' ],
112 silly audit   'expo-file-system': [ '19.0.21' ],
112 silly audit   'expo-font': [ '14.0.11' ],
112 silly audit   'expo-haptics': [ '15.0.8' ],
112 silly audit   'expo-image': [ '3.0.11' ],
112 silly audit   'expo-keep-awake': [ '15.0.8' ],
112 silly audit   'expo-linear-gradient': [ '15.0.8' ],
112 silly audit   'expo-linking': [ '8.0.11', '55.0.15' ],
112 silly audit   'expo-modules-autolinking': [ '3.0.24' ],
112 silly audit   'expo-modules-core': [ '3.0.29' ],
112 silly audit   'expo-notifications': [ '55.0.20' ],
112 silly audit   'expo-router': [ '6.0.23' ],
112 silly audit   '@radix-ui/react-collection': [ '1.1.7' ],
112 silly audit   '@radix-ui/react-presence': [ '1.1.5' ],
112 silly audit   '@radix-ui/react-primitive': [ '2.1.3' ],
112 silly audit   '@radix-ui/react-roving-focus': [ '1.1.11' ],
112 silly audit   '@radix-ui/react-tabs': [ '1.1.13' ],
112 silly audit   'expo-secure-store': [ '15.0.8' ],
112 silly audit   'expo-server': [ '1.0.5' ],
112 silly audit   'expo-splash-screen': [ '31.0.13' ],
112 silly audit   'expo-status-bar': [ '3.0.9' ],
112 silly audit   'expo-symbols': [ '1.0.8' ],
112 silly audit   'expo-system-ui': [ '6.0.9' ],
112 silly audit   'expo-web-browser': [ '15.0.10', '55.0.15' ],
112 silly audit   '@expo/cli': [ '54.0.23' ],
112 silly audit   picomatch: [ '3.0.2', '2.3.2', '4.0.4' ],
112 silly audit   'exponential-backoff': [ '3.1.3' ],
112 silly audit   'fast-deep-equal': [ '3.1.3' ],
112 silly audit   'fast-glob': [ '3.3.3' ],
112 silly audit   'fast-json-stable-stringify': [ '2.1.0' ],
112 silly audit   'fast-levenshtein': [ '2.0.6' ],
112 silly audit   fastq: [ '1.20.1' ],
112 silly audit   'faye-websocket': [ '0.11.4' ],
112 silly audit   'fb-watchman': [ '2.0.2' ],
112 silly audit   fbjs: [ '3.0.5' ],
112 silly audit   'fbjs-css-vars': [ '1.0.2' ],
112 silly audit   promise: [ '7.3.1', '8.3.0' ],
112 silly audit   'file-entry-cache': [ '8.0.0' ],
112 silly audit   'fill-range': [ '7.1.1' ],
112 silly audit   'filter-obj': [ '1.1.0' ],
112 silly audit   finalhandler: [ '1.1.2' ],
112 silly audit   firebase: [ '12.12.1' ],
112 silly audit   'flat-cache': [ '4.0.1' ],
112 silly audit   flatted: [ '3.4.2' ],
112 silly audit   'flow-enums-runtime': [ '0.0.6' ],
112 silly audit   fontfaceobserver: [ '2.3.0' ],
112 silly audit   'for-each': [ '0.3.5' ],
112 silly audit   'freeport-async': [ '2.0.0' ],
112 silly audit   fresh: [ '0.5.2' ],
112 silly audit   'fs.realpath': [ '1.0.0' ],
112 silly audit   fsevents: [ '2.3.3' ],
112 silly audit   'function-bind': [ '1.1.2' ],
112 silly audit   'function.prototype.name': [ '1.1.8' ],
112 silly audit   'functions-have-names': [ '1.2.3' ],
112 silly audit   'generator-function': [ '2.0.1' ],
112 silly audit   gensync: [ '1.0.0-beta.2' ],
112 silly audit   'get-caller-file': [ '2.0.5' ],
112 silly audit   'get-intrinsic': [ '1.3.0' ],
112 silly audit   'get-nonce': [ '1.0.1' ],
112 silly audit   'get-package-type': [ '0.1.0' ],
112 silly audit   'get-proto': [ '1.0.1' ],
112 silly audit   'get-symbol-description': [ '1.1.0' ],
112 silly audit   'get-tsconfig': [ '4.14.0' ],
112 silly audit   getenv: [ '2.0.0' ],
112 silly audit   globalthis: [ '1.0.4' ],
112 silly audit   gopd: [ '1.2.0' ],
112 silly audit   'graceful-fs': [ '4.2.11' ],
112 silly audit   'has-bigints': [ '1.1.0' ],
112 silly audit   'has-property-descriptors': [ '1.0.2' ],
112 silly audit   'has-proto': [ '1.2.0' ],
112 silly audit   'has-symbols': [ '1.1.0' ],
112 silly audit   'has-tostringtag': [ '1.0.2' ],
112 silly audit   hasown: [ '2.0.3' ],
112 silly audit   'hermes-estree': [ '0.29.1', '0.32.0' ],
112 silly audit   'hermes-parser': [ '0.29.1', '0.32.0' ],
112 silly audit   'hoist-non-react-statics': [ '3.3.2' ],
112 silly audit   'react-is': [ '16.13.1', '18.3.1', '19.2.5' ],
112 silly audit   'hosted-git-info': [ '7.0.2' ],
112 silly audit   'lru-cache': [ '10.4.3', '5.1.1', '11.3.5' ],
112 silly audit   'http-errors': [ '2.0.1' ],
112 silly audit   statuses: [ '2.0.2', '1.5.0' ],
112 silly audit   'http-parser-js': [ '0.5.10' ],
112 silly audit   'https-proxy-agent': [ '7.0.6' ],
112 silly audit   'hyphenate-style-name': [ '1.1.0' ],
112 silly audit   idb: [ '7.1.1' ],
112 silly audit   ieee754: [ '1.2.1' ],
112 silly audit   'image-size': [ '1.2.1' ],
112 silly audit   'import-fresh': [ '3.3.1' ],
112 silly audit   'resolve-from': [ '4.0.0', '5.0.0' ],
112 silly audit   imurmurhash: [ '0.1.4' ],
112 silly audit   inflight: [ '1.0.6' ],
112 silly audit   inherits: [ '2.0.4' ],
112 silly audit   ini: [ '1.3.8' ],
112 silly audit   'inline-style-prefixer': [ '7.0.1' ],
112 silly audit   'internal-slot': [ '1.1.0' ],
112 silly audit   invariant: [ '2.2.4' ],
112 silly audit   'is-array-buffer': [ '3.0.5' ],
112 silly audit   'is-arrayish': [ '0.3.4' ],
112 silly audit   'is-async-function': [ '2.1.1' ],
112 silly audit   'is-bigint': [ '1.1.0' ],
112 silly audit   'is-binary-path': [ '2.1.0' ],
112 silly audit   'is-boolean-object': [ '1.2.2' ],
112 silly audit   'is-bun-module': [ '2.0.0' ],
112 silly audit   'is-callable': [ '1.2.7' ],
112 silly audit   'is-core-module': [ '2.16.1' ],
112 silly audit   'is-data-view': [ '1.0.2' ],
112 silly audit   'is-date-object': [ '1.1.0' ],
112 silly audit   'is-docker': [ '2.2.1' ],
112 silly audit   'is-extglob': [ '2.1.1' ],
112 silly audit   'is-finalizationregistry': [ '1.1.1' ],
112 silly audit   'is-fullwidth-code-point': [ '3.0.0' ],
112 silly audit   'is-generator-function': [ '1.1.2' ],
112 silly audit   'is-glob': [ '4.0.3' ],
112 silly audit   'is-map': [ '2.0.3' ],
112 silly audit   'is-negative-zero': [ '2.0.3' ],
112 silly audit   'is-number': [ '7.0.0' ],
112 silly audit   'is-number-object': [ '1.1.1' ],
112 silly audit   'is-plain-obj': [ '2.1.0' ],
112 silly audit   'is-regex': [ '1.2.1' ],
112 silly audit   'is-set': [ '2.0.3' ],
112 silly audit   'is-shared-array-buffer': [ '1.0.4' ],
112 silly audit   'is-string': [ '1.1.1' ],
112 silly audit   'is-symbol': [ '1.1.1' ],
112 silly audit   'is-typed-array': [ '1.1.15' ],
112 silly audit   'is-weakmap': [ '2.0.2' ],
112 silly audit   'is-weakref': [ '1.1.1' ],
112 silly audit   'is-weakset': [ '2.0.4' ],
112 silly audit   'is-wsl': [ '2.2.0' ],
112 silly audit   isarray: [ '2.0.5' ],
112 silly audit   isexe: [ '2.0.0' ],
112 silly audit   'istanbul-lib-coverage': [ '3.2.2' ],
112 silly audit   'istanbul-lib-instrument': [ '5.2.1' ],
112 silly audit   'iterator.prototype': [ '1.1.5' ],
112 silly audit   'jest-environment-node': [ '29.7.0' ],
112 silly audit   'jest-get-type': [ '29.6.3' ],
112 silly audit   'jest-haste-map': [ '29.7.0' ],
112 silly audit   'jest-message-util': [ '29.7.0' ],
112 silly audit   'jest-mock': [ '29.7.0' ],
112 silly audit   'jest-regex-util': [ '29.6.3' ],
112 silly audit   'jest-util': [ '29.7.0' ],
112 silly audit   'jest-validate': [ '29.7.0' ],
112 silly audit   'jest-worker': [ '29.7.0' ],
112 silly audit   'jimp-compact': [ '0.16.1' ],
112 silly audit   jiti: [ '1.21.7' ],
112 silly audit   'js-tokens': [ '4.0.0' ],
112 silly audit   'jsc-safe-url': [ '0.2.4' ],
112 silly audit   jsesc: [ '3.1.0' ],
112 silly audit   'json-buffer': [ '3.0.1' ],
112 silly audit   'json-schema-traverse': [ '0.4.1' ],
112 silly audit   'json-stable-stringify-without-jsonify': [ '1.0.1' ],
112 silly audit   json5: [ '2.2.3', '1.0.2' ],
112 silly audit   'jsx-ast-utils': [ '3.3.5' ],
112 silly audit   keyv: [ '4.5.4' ],
112 silly audit   kleur: [ '3.0.3' ],
112 silly audit   'lan-network': [ '0.1.7' ],
112 silly audit   leven: [ '3.1.0' ],
112 silly audit   levn: [ '0.4.1' ],
112 silly audit   'lighthouse-logger': [ '1.4.2' ],
112 silly audit   lightningcss: [ '1.32.0', '1.27.0' ],
112 silly audit   'lightningcss-android-arm64': [ '1.32.0' ],
112 silly audit   'lightningcss-darwin-arm64': [ '1.32.0', '1.27.0' ],
112 silly audit   'lightningcss-darwin-x64': [ '1.32.0', '1.27.0' ],
112 silly audit   'lightningcss-freebsd-x64': [ '1.32.0', '1.27.0' ],
112 silly audit   'lightningcss-linux-arm-gnueabihf': [ '1.32.0', '1.27.0' ],
112 silly audit   'lightningcss-linux-arm64-gnu': [ '1.32.0', '1.27.0' ],
112 silly audit   'lightningcss-linux-arm64-musl': [ '1.32.0', '1.27.0' ],
112 silly audit   'lightningcss-linux-x64-gnu': [ '1.32.0', '1.27.0' ],
112 silly audit   'lightningcss-linux-x64-musl': [ '1.32.0', '1.27.0' ],
112 silly audit   'lightningcss-win32-arm64-msvc': [ '1.32.0', '1.27.0' ],
112 silly audit   'lightningcss-win32-x64-msvc': [ '1.32.0', '1.27.0' ],
112 silly audit   lilconfig: [ '3.1.3' ],
112 silly audit   'lines-and-columns': [ '1.2.4' ],
112 silly audit   'lodash.camelcase': [ '4.3.0' ],
112 silly audit   'lodash.debounce': [ '4.0.8' ],
112 silly audit   'lodash.merge': [ '4.6.2' ],
112 silly audit   'lodash.throttle': [ '4.1.1' ],
112 silly audit   'log-symbols': [ '2.2.0' ],
112 silly audit   long: [ '5.3.2' ],
112 silly audit   'loose-envify': [ '1.4.0' ],
112 silly audit   makeerror: [ '1.0.12' ],
112 silly audit   marky: [ '1.3.0' ],
112 silly audit   'math-intrinsics': [ '1.1.0' ],
112 silly audit   'memoize-one': [ '5.2.1', '6.0.0' ],
112 silly audit   'merge-options': [ '3.0.4' ],
112 silly audit   'merge-stream': [ '2.0.0' ],
112 silly audit   merge2: [ '1.4.1' ],
112 silly audit   metro: [ '0.83.3' ],
112 silly audit   'metro-babel-transformer': [ '0.83.3' ],
112 silly audit   'metro-cache': [ '0.83.3' ],
112 silly audit   'metro-cache-key': [ '0.83.3' ],
112 silly audit   'metro-config': [ '0.83.3' ],
112 silly audit   'metro-core': [ '0.83.3' ],
112 silly audit   'metro-file-map': [ '0.83.3' ],
112 silly audit   'metro-minify-terser': [ '0.83.3' ],
112 silly audit   'metro-resolver': [ '0.83.3' ],
112 silly audit   'metro-runtime': [ '0.83.3' ],
112 silly audit   'metro-source-map': [ '0.83.3' ],
112 silly audit   'metro-symbolicate': [ '0.83.3' ],
112 silly audit   'metro-transform-plugins': [ '0.83.3' ],
112 silly audit   'metro-transform-worker': [ '0.83.3' ],
112 silly audit   micromatch: [ '4.0.8' ],
112 silly audit   mime: [ '1.6.0' ],
112 silly audit   'mime-db': [ '1.52.0' ],
112 silly audit   'mime-types': [ '2.1.35' ],
112 silly audit   'mimic-fn': [ '1.2.0' ],
112 silly audit   minimist: [ '1.2.8' ],
112 silly audit   minipass: [ '7.1.3' ],
112 silly audit   minizlib: [ '3.1.0' ],
112 silly audit   mkdirp: [ '1.0.4' ],
112 silly audit   mz: [ '2.7.0' ],
112 silly audit   nanoid: [ '3.3.11' ],
112 silly audit   'napi-postinstall': [ '0.3.4' ],
112 silly audit   nativewind: [ '4.2.3' ],
112 silly audit   'natural-compare': [ '1.4.0' ],
112 silly audit   'nested-error-stacks': [ '2.0.1' ],
112 silly audit   'node-exports-info': [ '1.6.0' ],
112 silly audit   'node-fetch': [ '2.7.0' ],
112 silly audit   'node-forge': [ '1.4.0' ],
112 silly audit   'node-int64': [ '0.4.0' ],
112 silly audit   'node-releases': [ '2.0.38' ],
112 silly audit   'normalize-path': [ '3.0.0' ],
112 silly audit   'npm-package-arg': [ '11.0.3' ],
112 silly audit   nullthrows: [ '1.1.1' ],
112 silly audit   ob1: [ '0.83.3' ],
112 silly audit   'object-assign': [ '4.1.1' ],
112 silly audit   'object-hash': [ '3.0.0' ],
112 silly audit   'object-inspect': [ '1.13.4' ],
112 silly audit   'object-keys': [ '1.1.1' ],
112 silly audit   'object.assign': [ '4.1.7' ],
112 silly audit   'object.entries': [ '1.1.9' ],
112 silly audit   'object.fromentries': [ '2.0.8' ],
112 silly audit   'object.groupby': [ '1.0.3' ],
112 silly audit   'object.values': [ '1.2.1' ],
112 silly audit   'on-finished': [ '2.3.0', '2.4.1' ],
112 silly audit   'on-headers': [ '1.1.0' ],
112 silly audit   once: [ '1.4.0' ],
112 silly audit   onetime: [ '2.0.1' ],
112 silly audit   optionator: [ '0.9.4' ],
112 silly audit   ora: [ '3.4.0' ],
112 silly audit   'strip-ansi': [ '5.2.0', '6.0.1' ],
112 silly audit   'own-keys': [ '1.0.1' ],
112 silly audit   'p-try': [ '2.2.0' ],
112 silly audit   'parent-module': [ '1.0.1' ],
112 silly audit   'parse-png': [ '2.1.0' ],
112 silly audit   parseurl: [ '1.3.3' ],
112 silly audit   'path-exists': [ '4.0.0' ],
112 silly audit   'path-is-absolute': [ '1.0.1' ],
112 silly audit   'path-key': [ '3.1.1' ],
112 silly audit   'path-parse': [ '1.0.7' ],
112 silly audit   'path-scurry': [ '2.0.2' ],
112 silly audit   picocolors: [ '1.1.1' ],
112 silly audit   pify: [ '2.3.0' ],
112 silly audit   pirates: [ '4.0.7' ],
112 silly audit   plist: [ '3.1.0' ],
112 silly audit   pngjs: [ '3.4.0' ],
112 silly audit   'possible-typed-array-names': [ '1.1.0' ],
112 silly audit   postcss: [ '8.4.49' ],
112 silly audit   'postcss-import': [ '15.1.0' ],
112 silly audit   'postcss-js': [ '4.1.0' ],
112 silly audit   'postcss-load-config': [ '6.0.1' ],
112 silly audit   'postcss-nested': [ '6.2.0' ],
112 silly audit   'postcss-selector-parser': [ '6.1.2' ],
112 silly audit   'postcss-value-parser': [ '4.2.0' ],
112 silly audit   'prelude-ls': [ '1.2.1' ],
112 silly audit   'pretty-bytes': [ '5.6.0' ],
112 silly audit   'pretty-format': [ '29.7.0' ],
112 silly audit   'proc-log': [ '4.2.0' ],
112 silly audit   progress: [ '2.0.3' ],
112 silly audit   prompts: [ '2.4.2' ],
112 silly audit   'prop-types': [ '15.8.1' ],
112 silly audit   protobufjs: [ '7.5.6' ],
112 silly audit   punycode: [ '2.3.1' ],
112 silly audit   'qrcode-terminal': [ '0.11.0' ],
112 silly audit   'query-string': [ '7.1.3' ],
112 silly audit   queue: [ '6.0.2' ],
112 silly audit   'queue-microtask': [ '1.2.3' ],
112 silly audit   'range-parser': [ '1.2.1' ],
112 silly audit   rc: [ '1.2.8' ],
112 silly audit   'strip-json-comments': [ '2.0.1', '3.1.1' ],
112 silly audit   react: [ '19.1.0' ],
112 silly audit   'react-devtools-core': [ '6.1.5' ],
112 silly audit   'react-dom': [ '19.1.0' ],
112 silly audit   'react-fast-compare': [ '3.2.2' ],
112 silly audit   'react-freeze': [ '1.0.4' ],
112 silly audit   'react-native': [ '0.81.5' ],
112 silly audit   'react-native-css-interop': [ '0.2.3' ],
112 silly audit   'react-native-gesture-handler': [ '2.28.0' ],
112 silly audit   'react-native-is-edge-to-edge': [ '1.3.1' ],
112 silly audit   'react-native-maps': [ '1.27.2' ],
112 silly audit   'react-native-reanimated': [ '4.1.7' ],
112 silly audit   'react-native-safe-area-context': [ '5.6.2' ],
112 silly audit   'react-native-screens': [ '4.16.0' ],
112 silly audit   'react-native-web': [ '0.21.2' ],
112 silly audit   'react-native-worklets': [ '0.5.1' ],
112 silly audit   '@react-native/virtualized-lists': [ '0.81.5' ],
112 silly audit   'react-refresh': [ '0.14.2' ],
112 silly audit   'react-remove-scroll': [ '2.7.2' ],
112 silly audit   'react-remove-scroll-bar': [ '2.3.8' ],
112 silly audit   'react-style-singleton': [ '2.2.3' ],
112 silly audit   'read-cache': [ '1.0.0' ],
112 silly audit   readdirp: [ '3.6.0' ],
112 silly audit   'reflect.getprototypeof': [ '1.0.10' ],
112 silly audit   regenerate: [ '1.4.2' ],
112 silly audit   'regenerate-unicode-properties': [ '10.2.2' ],
112 silly audit   'regenerator-runtime': [ '0.13.11' ],
112 silly audit   'regexp.prototype.flags': [ '1.5.4' ],
112 silly audit   'regexpu-core': [ '6.4.0' ],
112 silly audit   regjsgen: [ '0.8.0' ],
112 silly audit   regjsparser: [ '0.13.1' ],
112 silly audit   'require-directory': [ '2.1.1' ],
112 silly audit   'require-from-string': [ '2.0.2' ],
112 silly audit   requireg: [ '0.2.2' ],
112 silly audit   'resolve-pkg-maps': [ '1.0.0' ],
112 silly audit   'resolve-workspace-root': [ '2.0.1' ],
112 silly audit   'resolve.exports': [ '2.0.3' ],
112 silly audit   'restore-cursor': [ '2.0.0' ],
112 silly audit   reusify: [ '1.1.0' ],
112 silly audit   rimraf: [ '3.0.2' ],
112 silly audit   'run-parallel': [ '1.2.0' ],
112 silly audit   'safe-array-concat': [ '1.1.4' ],
112 silly audit   'safe-buffer': [ '5.2.1' ],
112 silly audit   'safe-push-apply': [ '1.0.0' ],
112 silly audit   'safe-regex-test': [ '1.1.0' ],
112 silly audit   sax: [ '1.6.0' ],
112 silly audit   scheduler: [ '0.26.0' ],
112 silly audit   send: [ '0.19.2' ],
112 silly audit   'serialize-error': [ '2.1.0' ],
112 silly audit   'serve-static': [ '1.16.3' ],
112 silly audit   'server-only': [ '0.0.1' ],
112 silly audit   'set-function-length': [ '1.2.2' ],
112 silly audit   'set-function-name': [ '2.0.2' ],
112 silly audit   'set-proto': [ '1.0.0' ],
112 silly audit   setimmediate: [ '1.0.5' ],
112 silly audit   setprototypeof: [ '1.2.0' ],
112 silly audit   'sf-symbols-typescript': [ '2.2.0' ],
112 silly audit   shallowequal: [ '1.1.0' ],
112 silly audit   'shebang-command': [ '2.0.0' ],
112 silly audit   'shebang-regex': [ '3.0.0' ],
112 silly audit   'shell-quote': [ '1.8.3' ],
112 silly audit   'side-channel': [ '1.1.0' ],
112 silly audit   'side-channel-list': [ '1.0.1' ],
112 silly audit   'side-channel-map': [ '1.0.1' ],
112 silly audit   'side-channel-weakmap': [ '1.0.2' ],
112 silly audit   'signal-exit': [ '3.0.7' ],
112 silly audit   'simple-plist': [ '1.3.1' ],
112 silly audit   'simple-swizzle': [ '0.2.4' ],
112 silly audit   sisteransi: [ '1.0.5' ],
112 silly audit   slash: [ '3.0.0' ],
112 silly audit   slugify: [ '1.6.9' ],
112 silly audit   'source-map': [ '0.5.7', '0.6.1' ],
112 silly audit   'source-map-js': [ '1.2.1' ],
112 silly audit   'source-map-support': [ '0.5.21' ],
112 silly audit   'split-on-first': [ '1.1.0' ],
112 silly audit   'sprintf-js': [ '1.0.3' ],
112 silly audit   'stable-hash': [ '0.0.5' ],
112 silly audit   'stack-utils': [ '2.0.6' ],
112 silly audit   stackframe: [ '1.3.4' ],
112 silly audit   'stacktrace-parser': [ '0.1.11' ],
112 silly audit   'stop-iteration-iterator': [ '1.1.0' ],
112 silly audit   'stream-buffers': [ '2.2.0' ],
112 silly audit   'strict-uri-encode': [ '2.0.0' ],
112 silly audit   'string-width': [ '4.2.3' ],
112 silly audit   'string.prototype.matchall': [ '4.0.12' ],
112 silly audit   'string.prototype.repeat': [ '1.0.0' ],
112 silly audit   'string.prototype.trim': [ '1.2.10' ],
112 silly audit   'string.prototype.trimend': [ '1.0.9' ],
112 silly audit   'string.prototype.trimstart': [ '1.0.8' ],
112 silly audit   'strip-bom': [ '3.0.0' ],
112 silly audit   'structured-headers': [ '0.4.1' ],
112 silly audit   styleq: [ '0.1.3' ],
112 silly audit   sucrase: [ '3.35.1' ],
112 silly audit   'supports-hyperlinks': [ '2.3.0' ],
112 silly audit   'supports-preserve-symlinks-flag': [ '1.0.0' ],
112 silly audit   tailwindcss: [ '3.4.19' ],
112 silly audit   tar: [ '7.5.13' ],
112 silly audit   yallist: [ '5.0.0', '3.1.1' ],
112 silly audit   'terminal-link': [ '2.1.1' ],
112 silly audit   terser: [ '5.46.1' ],
112 silly audit   'test-exclude': [ '6.0.0' ],
112 silly audit   thenify: [ '3.3.1' ],
112 silly audit   'thenify-all': [ '1.6.0' ],
112 silly audit   throat: [ '5.0.0' ],
112 silly audit   tinyglobby: [ '0.2.16' ],
112 silly audit   fdir: [ '6.5.0' ],
112 silly audit   tmpl: [ '1.0.5' ],
112 silly audit   'to-regex-range': [ '5.0.1' ],
112 silly audit   toidentifier: [ '1.0.1' ],
112 silly audit   tr46: [ '0.0.3' ],
112 silly audit   'ts-api-utils': [ '2.5.0' ],
112 silly audit   'ts-interface-checker': [ '0.1.13' ],
112 silly audit   'tsconfig-paths': [ '3.15.0' ],
112 silly audit   tslib: [ '2.8.1' ],
112 silly audit   'type-check': [ '0.4.0' ],
112 silly audit   'type-detect': [ '4.0.8' ],
112 silly audit   'typed-array-buffer': [ '1.0.3' ],
112 silly audit   'typed-array-byte-length': [ '1.0.3' ],
112 silly audit   'typed-array-byte-offset': [ '1.0.4' ],
112 silly audit   'typed-array-length': [ '1.0.7' ],
112 silly audit   typescript: [ '5.9.3' ],
112 silly audit   'ua-parser-js': [ '1.0.41' ],
112 silly audit   'unbox-primitive': [ '1.1.0' ],
112 silly audit   undici: [ '6.25.0' ],
112 silly audit   'undici-types': [ '7.19.2' ],
112 silly audit   'unicode-canonical-property-names-ecmascript': [ '2.0.1' ],
112 silly audit   'unicode-match-property-ecmascript': [ '2.0.0' ],
112 silly audit   'unicode-match-property-value-ecmascript': [ '2.2.1' ],
112 silly audit   'unicode-property-aliases-ecmascript': [ '2.2.0' ],
112 silly audit   unpipe: [ '1.0.0' ],
112 silly audit   'unrs-resolver': [ '1.11.1' ],
112 silly audit   'update-browserslist-db': [ '1.2.3' ],
112 silly audit   'uri-js': [ '4.4.1' ],
112 silly audit   'use-callback-ref': [ '1.3.3' ],
112 silly audit   'use-latest-callback': [ '0.2.6' ],
112 silly audit   'use-sidecar': [ '1.1.3' ],
112 silly audit   'use-sync-external-store': [ '1.6.0' ],
112 silly audit   'util-deprecate': [ '1.0.2' ],
112 silly audit   'utils-merge': [ '1.0.1' ],
112 silly audit   uuid: [ '7.0.3' ],
112 silly audit   'validate-npm-package-name': [ '5.0.1' ],
112 silly audit   vary: [ '1.1.2' ],
112 silly audit   vaul: [ '1.1.2' ],
112 silly audit   '@radix-ui/react-dialog': [ '1.1.15' ],
112 silly audit   '@radix-ui/react-dismissable-layer': [ '1.1.11' ],
112 silly audit   '@radix-ui/react-focus-scope': [ '1.1.7' ],
112 silly audit   '@radix-ui/react-portal': [ '1.1.9' ],
112 silly audit   vlq: [ '1.0.1' ],
112 silly audit   walker: [ '1.0.8' ],
112 silly audit   'warn-once': [ '0.1.1' ],
112 silly audit   wcwidth: [ '1.0.1' ],
112 silly audit   'web-vitals': [ '4.2.4' ],
112 silly audit   'webidl-conversions': [ '3.0.1', '5.0.0' ],
112 silly audit   'websocket-driver': [ '0.7.4' ],
112 silly audit   'websocket-extensions': [ '0.1.4' ],
112 silly audit   'whatwg-fetch': [ '3.6.20' ],
112 silly audit   'whatwg-url': [ '5.0.0' ],
112 silly audit   'whatwg-url-without-unicode': [ '8.0.0-3' ],
112 silly audit   which: [ '2.0.2' ],
112 silly audit   'which-boxed-primitive': [ '1.1.1' ],
112 silly audit   'which-builtin-type': [ '1.2.1' ],
112 silly audit   'which-collection': [ '1.0.2' ],
112 silly audit   'which-typed-array': [ '1.1.20' ],
112 silly audit   wonka: [ '6.3.6' ],
112 silly audit   'word-wrap': [ '1.2.5' ],
112 silly audit   'wrap-ansi': [ '7.0.0' ],
112 silly audit   wrappy: [ '1.0.2' ],
112 silly audit   'write-file-atomic': [ '4.0.2' ],
112 silly audit   xcode: [ '3.0.1' ],
112 silly audit   xml2js: [ '0.6.0' ],
112 silly audit   xmlbuilder: [ '11.0.1', '15.1.1' ],
112 silly audit   y18n: [ '5.0.8' ],
112 silly audit   yaml: [ '2.8.3' ],
112 silly audit   yargs: [ '17.7.2' ],
112 silly audit   'yargs-parser': [ '21.1.1' ],
112 silly audit   'yocto-queue': [ '0.1.0' ],
112 silly audit   zustand: [ '5.0.12' ],
112 silly audit   'expo-apple-authentication': [ '8.0.8' ],
112 silly audit   'expo-auth-session': [ '55.0.15' ],
112 silly audit   'expo-crypto': [ '15.0.9', '55.0.14' ]
112 silly audit }
113 http cache @expo/env@https://registry.npmjs.org/@expo/env/-/env-2.1.2.tgz 0ms (cache hit)
114 http cache expo-crypto@https://registry.npmjs.org/expo-crypto/-/expo-crypto-55.0.14.tgz 0ms (cache hit)
115 http cache expo-constants@https://registry.npmjs.org/expo-constants/-/expo-constants-55.0.16.tgz 0ms (cache hit)
116 http cache expo-crypto@https://registry.npmjs.org/expo-crypto/-/expo-crypto-15.0.9.tgz 1ms (cache hit)
117 http cache expo-auth-session@https://registry.npmjs.org/expo-auth-session/-/expo-auth-session-55.0.15.tgz 0ms (cache hit)
118 http cache expo-web-browser@https://registry.npmjs.org/expo-web-browser/-/expo-web-browser-55.0.15.tgz 0ms (cache hit)
119 silly tarball no local data for @expo/env@https://registry.npmjs.org/@expo/env/-/env-2.1.2.tgz. Extracting by manifest.
120 silly tarball no local data for expo-crypto@https://registry.npmjs.org/expo-crypto/-/expo-crypto-55.0.14.tgz. Extracting by manifest.
121 http cache expo-linking@https://registry.npmjs.org/expo-linking/-/expo-linking-55.0.15.tgz 0ms (cache hit)
122 silly tarball no local data for expo-constants@https://registry.npmjs.org/expo-constants/-/expo-constants-55.0.16.tgz. Extracting by manifest.
123 silly tarball no local data for expo-crypto@https://registry.npmjs.org/expo-crypto/-/expo-crypto-15.0.9.tgz. Extracting by manifest.
124 silly tarball no local data for expo-auth-session@https://registry.npmjs.org/expo-auth-session/-/expo-auth-session-55.0.15.tgz. Extracting by manifest.
125 http cache expo-apple-authentication@https://registry.npmjs.org/expo-apple-authentication/-/expo-apple-authentication-8.0.8.tgz 0ms (cache hit)
126 silly tarball no local data for expo-web-browser@https://registry.npmjs.org/expo-web-browser/-/expo-web-browser-55.0.15.tgz. Extracting by manifest.
127 silly tarball no local data for expo-linking@https://registry.npmjs.org/expo-linking/-/expo-linking-55.0.15.tgz. Extracting by manifest.
128 silly tarball no local data for expo-apple-authentication@https://registry.npmjs.org/expo-apple-authentication/-/expo-apple-authentication-8.0.8.tgz. Extracting by manifest.
129 http fetch POST 200 https://registry.npmjs.org/-/npm/v1/security/advisories/bulk 353ms
130 silly audit report {
130 silly audit report   postcss: [
130 silly audit report     {
130 silly audit report       id: 1117015,
130 silly audit report       url: 'https://github.com/advisories/GHSA-qx2v-qp2m-jg93',
130 silly audit report       title: 'PostCSS has XSS via Unescaped </style> in its CSS Stringify Output',
130 silly audit report       severity: 'moderate',
130 silly audit report       vulnerable_versions: '<8.5.10',
130 silly audit report       cwe: [Array],
130 silly audit report       cvss: [Object]
130 silly audit report     }
130 silly audit report   ]
130 silly audit report }
131 silly packumentCache corgi:https://registry.npmjs.org/postcss cache-miss
132 http fetch GET 200 https://registry.npmjs.org/@expo/env/-/env-2.1.2.tgz 418ms (cache miss)
133 http fetch GET 200 https://registry.npmjs.org/expo-constants/-/expo-constants-55.0.16.tgz 739ms (cache miss)
134 http fetch GET 200 https://registry.npmjs.org/postcss 436ms (cache miss)
135 silly packumentCache corgi:https://registry.npmjs.org/postcss set size:undefined disposed:false
136 silly packumentCache corgi:https://registry.npmjs.org/@expo%2fmetro-config cache-miss
137 silly packumentCache corgi:https://registry.npmjs.org/postcss-import cache-miss
138 silly packumentCache corgi:https://registry.npmjs.org/postcss-js cache-miss
139 silly packumentCache corgi:https://registry.npmjs.org/postcss-load-config cache-miss
140 silly packumentCache corgi:https://registry.npmjs.org/postcss-nested cache-miss
141 silly packumentCache corgi:https://registry.npmjs.org/tailwindcss cache-miss
142 http fetch GET 200 https://registry.npmjs.org/expo-apple-authentication/-/expo-apple-authentication-8.0.8.tgz 963ms (cache miss)
143 http fetch GET 200 https://registry.npmjs.org/expo-crypto/-/expo-crypto-15.0.9.tgz 1125ms (cache miss)
144 http fetch GET 200 https://registry.npmjs.org/postcss-load-config 423ms (cache miss)
145 silly packumentCache corgi:https://registry.npmjs.org/postcss-load-config set size:undefined disposed:false
146 http fetch GET 200 https://registry.npmjs.org/postcss-nested 446ms (cache miss)
147 silly packumentCache corgi:https://registry.npmjs.org/postcss-nested set size:undefined disposed:false
148 http fetch GET 200 https://registry.npmjs.org/postcss-js 518ms (cache miss)
149 silly packumentCache corgi:https://registry.npmjs.org/postcss-js set size:undefined disposed:false
150 http fetch GET 200 https://registry.npmjs.org/postcss-import 545ms (cache miss)
151 silly packumentCache corgi:https://registry.npmjs.org/postcss-import set size:undefined disposed:false
152 http fetch GET 200 https://registry.npmjs.org/expo-auth-session/-/expo-auth-session-55.0.15.tgz 1501ms (cache miss)
153 http fetch GET 200 https://registry.npmjs.org/expo-web-browser/-/expo-web-browser-55.0.15.tgz 1626ms (cache miss)
154 http fetch GET 200 https://registry.npmjs.org/@expo%2fmetro-config 892ms (cache miss)
155 silly packumentCache corgi:https://registry.npmjs.org/@expo%2fmetro-config set size:undefined disposed:false
156 http fetch GET 200 https://registry.npmjs.org/expo-linking/-/expo-linking-55.0.15.tgz 1805ms (cache miss)
157 http fetch GET 200 https://registry.npmjs.org/tailwindcss 1024ms (cache miss)
158 silly packumentCache corgi:https://registry.npmjs.org/tailwindcss set size:undefined disposed:false
159 silly packumentCache corgi:https://registry.npmjs.org/expo cache-miss
160 silly packumentCache corgi:https://registry.npmjs.org/@expo%2fcli cache-miss
161 http fetch GET 200 https://registry.npmjs.org/expo-crypto/-/expo-crypto-55.0.14.tgz 2406ms (cache miss)
162 http fetch GET 200 https://registry.npmjs.org/expo 1420ms (cache miss)
163 silly packumentCache corgi:https://registry.npmjs.org/expo set size:undefined disposed:false
164 http fetch GET 200 https://registry.npmjs.org/@expo%2fcli 1542ms (cache miss)
165 silly packumentCache corgi:https://registry.npmjs.org/@expo%2fcli set size:undefined disposed:false
166 silly packumentCache corgi:https://registry.npmjs.org/@expo%2fmetro-runtime cache-miss
167 silly packumentCache corgi:https://registry.npmjs.org/@expo%2fprebuild-config cache-miss
168 silly packumentCache corgi:https://registry.npmjs.org/babel-preset-expo cache-miss
169 silly packumentCache corgi:https://registry.npmjs.org/expo-application cache-miss
170 silly packumentCache corgi:https://registry.npmjs.org/expo-asset cache-miss
171 silly packumentCache corgi:https://registry.npmjs.org/expo-constants cache-miss
172 silly packumentCache corgi:https://registry.npmjs.org/expo-file-system cache-miss
173 silly packumentCache corgi:https://registry.npmjs.org/expo-font cache-miss
174 silly packumentCache corgi:https://registry.npmjs.org/expo-haptics cache-miss
175 silly packumentCache corgi:https://registry.npmjs.org/expo-image cache-miss
176 silly packumentCache corgi:https://registry.npmjs.org/expo-keep-awake cache-miss
177 silly packumentCache corgi:https://registry.npmjs.org/expo-linear-gradient cache-miss
178 silly packumentCache corgi:https://registry.npmjs.org/expo-notifications cache-miss
179 silly packumentCache corgi:https://registry.npmjs.org/expo-router cache-miss
180 silly packumentCache corgi:https://registry.npmjs.org/expo-secure-store cache-miss
181 silly packumentCache corgi:https://registry.npmjs.org/expo-splash-screen cache-miss
182 silly packumentCache corgi:https://registry.npmjs.org/expo-symbols cache-miss
183 silly packumentCache corgi:https://registry.npmjs.org/expo-system-ui cache-miss
184 silly packumentCache corgi:https://registry.npmjs.org/expo-web-browser cache-miss
185 silly packumentCache corgi:https://registry.npmjs.org/expo-apple-authentication cache-miss
186 silly packumentCache corgi:https://registry.npmjs.org/expo-crypto cache-miss
187 http fetch GET 200 https://registry.npmjs.org/expo-haptics 591ms (cache miss)
188 silly packumentCache corgi:https://registry.npmjs.org/expo-haptics set size:undefined disposed:false
189 http fetch GET 200 https://registry.npmjs.org/expo-font 686ms (cache miss)
190 silly packumentCache corgi:https://registry.npmjs.org/expo-font set size:undefined disposed:false
191 http fetch GET 200 https://registry.npmjs.org/expo-image 758ms (cache miss)
192 silly packumentCache corgi:https://registry.npmjs.org/expo-image set size:undefined disposed:false
193 http fetch GET 200 https://registry.npmjs.org/expo-keep-awake 818ms (cache miss)
194 silly packumentCache corgi:https://registry.npmjs.org/expo-keep-awake set size:undefined disposed:false
195 http fetch GET 200 https://registry.npmjs.org/expo-application 871ms (cache miss)
196 silly packumentCache corgi:https://registry.npmjs.org/expo-application set size:undefined disposed:false
197 http fetch GET 200 https://registry.npmjs.org/babel-preset-expo 946ms (cache miss)
198 silly packumentCache corgi:https://registry.npmjs.org/babel-preset-expo set size:undefined disposed:false
199 http fetch GET 200 https://registry.npmjs.org/expo-file-system 1024ms (cache miss)
200 silly packumentCache corgi:https://registry.npmjs.org/expo-file-system set size:undefined disposed:false
201 http fetch GET 200 https://registry.npmjs.org/expo-asset 1114ms (cache miss)
202 silly packumentCache corgi:https://registry.npmjs.org/expo-asset set size:undefined disposed:false
203 http fetch GET 200 https://registry.npmjs.org/expo-crypto 1174ms (cache miss)
204 silly packumentCache corgi:https://registry.npmjs.org/expo-crypto set size:undefined disposed:false
205 http fetch GET 200 https://registry.npmjs.org/expo-apple-authentication 1218ms (cache miss)
206 silly packumentCache corgi:https://registry.npmjs.org/expo-apple-authentication set size:undefined disposed:false
207 http fetch GET 200 https://registry.npmjs.org/expo-web-browser 1241ms (cache miss)
208 silly packumentCache corgi:https://registry.npmjs.org/expo-web-browser set size:undefined disposed:false
209 http fetch GET 200 https://registry.npmjs.org/expo-system-ui 1288ms (cache miss)
210 silly packumentCache corgi:https://registry.npmjs.org/expo-system-ui set size:undefined disposed:false
211 http fetch GET 200 https://registry.npmjs.org/expo-constants 1342ms (cache miss)
212 silly packumentCache corgi:https://registry.npmjs.org/expo-constants set size:undefined disposed:false
213 http fetch GET 200 https://registry.npmjs.org/expo-symbols 1376ms (cache miss)
214 silly packumentCache corgi:https://registry.npmjs.org/expo-symbols set size:undefined disposed:false
215 http fetch GET 200 https://registry.npmjs.org/expo-secure-store 1445ms (cache miss)
216 silly packumentCache corgi:https://registry.npmjs.org/expo-secure-store set size:undefined disposed:false
217 http fetch GET 200 https://registry.npmjs.org/expo-splash-screen 1493ms (cache miss)
218 silly packumentCache corgi:https://registry.npmjs.org/expo-splash-screen set size:undefined disposed:false
219 http fetch GET 200 https://registry.npmjs.org/@expo%2fmetro-runtime 1569ms (cache miss)
220 silly packumentCache corgi:https://registry.npmjs.org/@expo%2fmetro-runtime set size:undefined disposed:false
221 http fetch GET 200 https://registry.npmjs.org/expo-notifications 1639ms (cache miss)
222 silly packumentCache corgi:https://registry.npmjs.org/expo-notifications set size:undefined disposed:false
223 http fetch GET 200 https://registry.npmjs.org/@expo%2fprebuild-config 1696ms (cache miss)
224 silly packumentCache corgi:https://registry.npmjs.org/@expo%2fprebuild-config set size:undefined disposed:false
225 http fetch GET 200 https://registry.npmjs.org/expo-linear-gradient 1741ms (cache miss)
226 silly packumentCache corgi:https://registry.npmjs.org/expo-linear-gradient set size:undefined disposed:false
227 http fetch GET 200 https://registry.npmjs.org/expo-router 1775ms (cache miss)
228 silly packumentCache corgi:https://registry.npmjs.org/expo-router set size:undefined disposed:false
229 silly ADD node_modules/expo-crypto
230 silly ADD node_modules/expo-auth-session
231 silly ADD node_modules/expo-auth-session/node_modules/@expo/env
232 silly ADD node_modules/expo-auth-session/node_modules/expo-web-browser
233 silly ADD node_modules/expo-auth-session/node_modules/expo-linking
234 silly ADD node_modules/expo-auth-session/node_modules/expo-crypto
235 silly ADD node_modules/expo-auth-session/node_modules/expo-constants
236 silly ADD node_modules/expo-apple-authentication
237 verbose cwd C:\Users\KAVUMMA DENNIS\Desktop\TICS\frontend
238 verbose os Windows_NT 10.0.26200
239 verbose node v24.14.0
240 verbose npm  v11.9.0
241 notice
241 notice New minor version of npm available! 11.9.0 -> 11.14.1
241 notice Changelog: https://github.com/npm/cli/releases/tag/v11.14.1
241 notice To update run: npm install -g npm@11.14.1
241 notice  { force: true, Symbol(proc-log.meta): true }
242 verbose exit 0
243 info ok
